Started GET "/" for ::1 at 2021-09-20 17:13:08 +0200
  [1m[35m (3.2ms)[0m  [1m[34mSELECT sqlite_version(*)[0m
Processing by Rails::WelcomeController#index as HTML
  Rendering /Users/miketineo/.rbenv/versions/2.7.3/lib/ruby/gems/2.7.0/gems/railties-6.1.4.1/lib/rails/templates/rails/welcome/index.html.erb
  Rendered /Users/miketineo/.rbenv/versions/2.7.3/lib/ruby/gems/2.7.0/gems/railties-6.1.4.1/lib/rails/templates/rails/welcome/index.html.erb (Duration: 8.3ms | Allocations: 445)
Completed 200 OK in 35ms (Views: 17.5ms | ActiveRecord: 0.0ms | Allocations: 3500)


Started GET "/" for ::1 at 2021-09-20 17:13:09 +0200
Processing by Rails::WelcomeController#index as HTML
  Rendering /Users/miketineo/.rbenv/versions/2.7.3/lib/ruby/gems/2.7.0/gems/railties-6.1.4.1/lib/rails/templates/rails/welcome/index.html.erb
  Rendered /Users/miketineo/.rbenv/versions/2.7.3/lib/ruby/gems/2.7.0/gems/railties-6.1.4.1/lib/rails/templates/rails/welcome/index.html.erb (Duration: 7.2ms | Allocations: 219)
Completed 200 OK in 10ms (Views: 8.2ms | ActiveRecord: 0.0ms | Allocations: 766)


Started GET "/sponsorships" for ::1 at 2021-09-20 17:13:21 +0200
  
SyntaxError (/Users/miketineo/code/yard/payments/sponsorship/app/controllers/sponsorships_controller.rb:5: syntax error, unexpected local variable or method, expecting `do' or '{' or '('
... render json: spon sponsorships
...                   ^~~~~~~~~~~~
):
  
app/controllers/sponsorships_controller.rb:5: syntax error, unexpected local variable or method, expecting `do' or '{' or '('
app/controllers/sponsorships_controller.rb:5: syntax error, unexpected local variable or method, expecting `do' or '{' or '('
app/controllers/sponsorships_controller.rb:5: syntax error, unexpected local variable or method, expecting `do' or '{' or '('
Started GET "/sponsorships" for ::1 at 2021-09-20 17:14:07 +0200
  [1m[35m (1.5ms)[0m  [1m[34mSELECT sqlite_version(*)[0m
Processing by SponsorshipsController#index as HTML
Completed 200 OK in 6ms (Views: 1.0ms | ActiveRecord: 0.0ms | Allocations: 935)


Started GET "/sponsorships" for ::1 at 2021-09-20 17:15:05 +0200
Processing by SponsorshipsController#index as HTML
Completed 500 Internal Server Error in 2ms (Allocations: 1341)


  
NoMethodError (undefined method `products' for Stripe:Module):
  
app/controllers/sponsorships_controller.rb:4:in `index'
Started GET "/sponsorships" for ::1 at 2021-09-20 17:18:45 +0200
  [1m[35m (1.4ms)[0m  [1m[34mSELECT sqlite_version(*)[0m
Processing by SponsorshipsController#index as HTML
Completed 200 OK in 594ms (Views: 0.5ms | ActiveRecord: 0.0ms | Allocations: 2460)


Started GET "/sponsorships" for ::1 at 2021-09-20 17:21:02 +0200
Processing by SponsorshipsController#index as HTML
Completed 200 OK in 594ms (Views: 0.4ms | Allocations: 1547)


Started GET "/" for ::1 at 2021-09-20 17:21:06 +0200
Processing by StaticPagesController#root as HTML
  Rendering layout layouts/application.html.erb
  Rendering static_pages/root.html.erb within layouts/application
  Rendered static_pages/root.html.erb within layouts/application (Duration: 1.0ms | Allocations: 218)
[Webpacker] Compiling...
Started GET "/sponsorships" for ::1 at 2021-09-20 17:21:09 +0200
Processing by SponsorshipsController#index as HTML
Completed 200 OK in 503ms (Views: 0.3ms | Allocations: 1513)


[Webpacker] Compiled all packs in /Users/miketineo/code/yard/payments/sponsorship/public/packs
[Webpacker] warning ../../../../package.json: No license field

[Webpacker] Hash: ed24ecc38ffa3f880af6
Version: webpack 4.46.0
Time: 1482ms
Built at: 09/20/2021 5:21:10 PM
                                     Asset       Size       Chunks                         Chunk Names
    js/application-b79847a82961d80177ce.js   71.5 KiB  application  [emitted] [immutable]  application
js/application-b79847a82961d80177ce.js.map   80.1 KiB  application  [emitted] [dev]        application
                             manifest.json  364 bytes               [emitted]              
Entrypoint application = js/application-b79847a82961d80177ce.js js/application-b79847a82961d80177ce.js.map
[./app/javascript/channels sync recursive _channel\.js$] ./app/javascript/channels sync _channel\.js$ 160 bytes {application} [built]
[./app/javascript/channels/index.js] 211 bytes {application} [built]
[./app/javascript/packs/application.js] 435 bytes {application} [built]
[./node_modules/webpack/buildin/module.js] (webpack)/buildin/module.js 552 bytes {application} [built]
    + 2 hidden modules

  Rendered layout layouts/application.html.erb (Duration: 4115.0ms | Allocations: 19522)
Completed 200 OK in 4122ms (Views: 4118.8ms | Allocations: 21129)


Started GET "/" for ::1 at 2021-09-20 17:21:14 +0200
Processing by StaticPagesController#root as HTML
  Rendering layout layouts/application.html.erb
  Rendering static_pages/root.html.erb within layouts/application
  Rendered static_pages/root.html.erb within layouts/application (Duration: 0.1ms | Allocations: 38)
[Webpacker] Everything's up-to-date. Nothing to do
  Rendered layout layouts/application.html.erb (Duration: 6.0ms | Allocations: 3548)
Completed 200 OK in 7ms (Views: 6.6ms | Allocations: 3806)


Started GET "/" for ::1 at 2021-09-20 17:23:42 +0200
Processing by StaticPagesController#root as HTML
  Rendering layout layouts/application.html.erb
  Rendering static_pages/root.html.erb within layouts/application
  Rendered static_pages/root.html.erb within layouts/application (Duration: 0.9ms | Allocations: 105)
[Webpacker] Everything's up-to-date. Nothing to do
  Rendered layout layouts/application.html.erb (Duration: 12.7ms | Allocations: 3813)
Completed 200 OK in 16ms (Views: 14.5ms | Allocations: 4777)


  [1m[35m (1.7ms)[0m  [1m[34mSELECT sqlite_version(*)[0m
  [1m[35m (5.2ms)[0m  [1m[35mCREATE TABLE "schema_migrations" ("version" varchar NOT NULL PRIMARY KEY)[0m
  [1m[35m (1.4ms)[0m  [1m[35mCREATE TABLE "ar_internal_metadata" ("key" varchar NOT NULL PRIMARY KEY, "value" varchar, "created_at" datetime(6) NOT NULL, "updated_at" datetime(6) NOT NULL)[0m
  [1m[35m (0.1ms)[0m  [1m[34mSELECT "schema_migrations"."version" FROM "schema_migrations" ORDER BY "schema_migrations"."version" ASC[0m
Migrating to CreateSponsorshipOrders (20210920152900)
  [1m[36mTRANSACTION (0.1ms)[0m  [1m[36mbegin transaction[0m
  [1m[35m (0.5ms)[0m  [1m[35mCREATE TABLE "sponsorship_orders" ("id" integer PRIMARY KEY AUTOINCREMENT NOT NULL, "stripe_id" varchar, "status" varchar, "paid_at" datetime, "created_at" datetime(6) NOT NULL, "updated_at" datetime(6) NOT NULL)[0m
  [1m[35m (0.5ms)[0m  [1m[35mCREATE UNIQUE INDEX "index_orders_on_stripe_id" ON "orders" ("stripe_id")[0m
  [1m[36mTRANSACTION (0.4ms)[0m  [1m[31mrollback transaction[0m
  [1m[35m (0.5ms)[0m  [1m[34mSELECT sqlite_version(*)[0m
  [1m[35m (0.1ms)[0m  [1m[34mSELECT "schema_migrations"."version" FROM "schema_migrations" ORDER BY "schema_migrations"."version" ASC[0m
Migrating to CreateSponsorshipOrders (20210920152900)
  [1m[36mTRANSACTION (0.0ms)[0m  [1m[36mbegin transaction[0m
  [1m[35m (0.4ms)[0m  [1m[35mCREATE TABLE "sponsorship_orders" ("id" integer PRIMARY KEY AUTOINCREMENT NOT NULL, "stripe_id" varchar, "status" varchar, "paid_at" datetime, "created_at" datetime(6) NOT NULL, "updated_at" datetime(6) NOT NULL)[0m
  [1m[35m (0.4ms)[0m  [1m[35mCREATE UNIQUE INDEX "index_orders_on_stripe_id" ON "orders" ("stripe_id")[0m
  [1m[36mTRANSACTION (0.8ms)[0m  [1m[31mrollback transaction[0m
  [1m[35m (0.5ms)[0m  [1m[34mSELECT sqlite_version(*)[0m
  [1m[35m (0.4ms)[0m  [1m[34mSELECT "schema_migrations"."version" FROM "schema_migrations" ORDER BY "schema_migrations"."version" ASC[0m
Migrating to CreateSponsorshipOrders (20210920152900)
  [1m[36mTRANSACTION (0.1ms)[0m  [1m[36mbegin transaction[0m
  [1m[35m (0.5ms)[0m  [1m[35mCREATE TABLE "sponsorship_orders" ("id" integer PRIMARY KEY AUTOINCREMENT NOT NULL, "stripe_id" varchar, "status" varchar, "paid_at" datetime, "created_at" datetime(6) NOT NULL, "updated_at" datetime(6) NOT NULL)[0m
  [1m[35m (0.1ms)[0m  [1m[35mCREATE UNIQUE INDEX "index_sponsorship_orders_on_stripe_id" ON "sponsorship_orders" ("stripe_id")[0m
  [1m[36mActiveRecord::SchemaMigration Create (1.0ms)[0m  [1m[32mINSERT INTO "schema_migrations" ("version") VALUES (?)[0m  [["version", "20210920152900"]]
  [1m[36mTRANSACTION (1.4ms)[0m  [1m[36mcommit transaction[0m
  [1m[36mActiveRecord::InternalMetadata Load (0.2ms)[0m  [1m[34mSELECT "ar_internal_metadata".* FROM "ar_internal_metadata" WHERE "ar_internal_metadata"."key" = ? LIMIT ?[0m  [["key", "environment"], ["LIMIT", 1]]
  [1m[36mTRANSACTION (0.1ms)[0m  [1m[36mbegin transaction[0m
  [1m[36mActiveRecord::InternalMetadata Create (0.5ms)[0m  [1m[32mINSERT INTO "ar_internal_metadata" ("key", "value", "created_at", "updated_at") VALUES (?, ?, ?, ?)[0m  [["key", "environment"], ["value", "development"], ["created_at", "2021-09-20 15:32:11.327583"], ["updated_at", "2021-09-20 15:32:11.327583"]]
  [1m[36mTRANSACTION (1.1ms)[0m  [1m[36mcommit transaction[0m
  [1m[35m (0.0ms)[0m  [1m[34mSELECT sqlite_version(*)[0m
  [1m[35m (0.1ms)[0m  [1m[34mSELECT "schema_migrations"."version" FROM "schema_migrations" ORDER BY "schema_migrations"."version" ASC[0m
Started GET "/" for ::1 at 2021-09-20 17:51:35 +0200
  [1m[35m (0.4ms)[0m  [1m[34mSELECT sqlite_version(*)[0m
  [1m[35m (0.2ms)[0m  [1m[34mSELECT "schema_migrations"."version" FROM "schema_migrations" ORDER BY "schema_migrations"."version" ASC[0m
Processing by StaticPagesController#root as HTML
  Rendering layout layouts/application.html.erb
  Rendering static_pages/root.html.erb within layouts/application
  Rendered static_pages/root.html.erb within layouts/application (Duration: 2.0ms | Allocations: 265)
[Webpacker] Everything's up-to-date. Nothing to do
  Rendered layout layouts/application.html.erb (Duration: 32.5ms | Allocations: 5518)
Completed 200 OK in 45ms (Views: 37.8ms | ActiveRecord: 0.0ms | Allocations: 7958)


Started GET "/" for ::1 at 2021-09-20 17:51:35 +0200
Processing by StaticPagesController#root as HTML
  Rendering layout layouts/application.html.erb
  Rendering static_pages/root.html.erb within layouts/application
  Rendered static_pages/root.html.erb within layouts/application (Duration: 0.1ms | Allocations: 38)
[Webpacker] Everything's up-to-date. Nothing to do
  Rendered layout layouts/application.html.erb (Duration: 5.8ms | Allocations: 3575)
Completed 200 OK in 16ms (Views: 6.3ms | ActiveRecord: 0.0ms | Allocations: 3834)


Started GET "/" for ::1 at 2021-09-20 17:54:52 +0200
Processing by StaticPagesController#root as HTML
  Rendering layout layouts/application.html.erb
  Rendering static_pages/root.html.erb within layouts/application
  Rendered static_pages/root.html.erb within layouts/application (Duration: 0.1ms | Allocations: 38)
[Webpacker] Everything's up-to-date. Nothing to do
  Rendered layout layouts/application.html.erb (Duration: 5.8ms | Allocations: 3573)
Completed 200 OK in 7ms (Views: 6.3ms | ActiveRecord: 0.0ms | Allocations: 3835)


Started GET "/" for ::1 at 2021-09-20 17:55:07 +0200
  [1m[35m (0.4ms)[0m  [1m[34mSELECT sqlite_version(*)[0m
  [1m[35m (0.2ms)[0m  [1m[34mSELECT "schema_migrations"."version" FROM "schema_migrations" ORDER BY "schema_migrations"."version" ASC[0m
Processing by StaticPagesController#root as HTML
  Rendering layout layouts/application.html.erb
  Rendering static_pages/root.html.erb within layouts/application
  Rendered static_pages/root.html.erb within layouts/application (Duration: 0.5ms | Allocations: 265)
[Webpacker] Everything's up-to-date. Nothing to do
  Rendered layout layouts/application.html.erb (Duration: 16.8ms | Allocations: 5518)
Completed 200 OK in 26ms (Views: 20.1ms | ActiveRecord: 0.0ms | Allocations: 7958)


Started GET "/" for ::1 at 2021-09-20 17:56:34 +0200
Processing by StaticPagesController#root as HTML
  Rendering layout layouts/application.html.erb
  Rendering static_pages/root.html.erb within layouts/application
  Rendered static_pages/root.html.erb within layouts/application (Duration: 0.1ms | Allocations: 38)
[Webpacker] Everything's up-to-date. Nothing to do
  Rendered layout layouts/application.html.erb (Duration: 4.9ms | Allocations: 3572)
Completed 200 OK in 6ms (Views: 5.4ms | ActiveRecord: 0.0ms | Allocations: 3831)


Started GET "/" for ::1 at 2021-09-20 17:57:11 +0200
Processing by StaticPagesController#root as HTML
  Rendering layout layouts/application.html.erb
  Rendering static_pages/root.html.erb within layouts/application
  Rendered static_pages/root.html.erb within layouts/application (Duration: 0.3ms | Allocations: 154)
[Webpacker] Everything's up-to-date. Nothing to do
  Rendered layout layouts/application.html.erb (Duration: 5.1ms | Allocations: 3856)
Completed 200 OK in 8ms (Views: 7.0ms | ActiveRecord: 0.0ms | Allocations: 4832)


Started POST "/sponsorships" for ::1 at 2021-09-20 17:57:13 +0200
Processing by SponsorshipsController#create as */*
  Parameters: {"status"=>"paid", "paid_at"=>1632066571, "stripe_id"=>"pi_123", "sponsorship"=>{"status"=>"paid", "paid_at"=>1632066571, "stripe_id"=>"pi_123"}}
Can't verify CSRF token authenticity.
Completed 422 Unprocessable Entity in 0ms (ActiveRecord: 0.0ms | Allocations: 427)


  
ActionController::InvalidAuthenticityToken (ActionController::InvalidAuthenticityToken):
  
actionpack (6.1.4.1) lib/action_controller/metal/request_forgery_protection.rb:211:in `handle_unverified_request'
actionpack (6.1.4.1) lib/action_controller/metal/request_forgery_protection.rb:243:in `handle_unverified_request'
actionpack (6.1.4.1) lib/action_controller/metal/request_forgery_protection.rb:238:in `verify_authenticity_token'
activesupport (6.1.4.1) lib/active_support/callbacks.rb:427:in `block in make_lambda'
activesupport (6.1.4.1) lib/active_support/callbacks.rb:198:in `block (2 levels) in halting'
actionpack (6.1.4.1) lib/abstract_controller/callbacks.rb:34:in `block (2 levels) in <module:Callbacks>'
activesupport (6.1.4.1) lib/active_support/callbacks.rb:199:in `block in halting'
activesupport (6.1.4.1) lib/active_support/callbacks.rb:512:in `block in invoke_before'
activesupport (6.1.4.1) lib/active_support/callbacks.rb:512:in `each'
activesupport (6.1.4.1) lib/active_support/callbacks.rb:512:in `invoke_before'
activesupport (6.1.4.1) lib/active_support/callbacks.rb:115:in `block in run_callbacks'
activesupport (6.1.4.1) lib/active_support/callbacks.rb:137:in `run_callbacks'
actionpack (6.1.4.1) lib/abstract_controller/callbacks.rb:41:in `process_action'
actionpack (6.1.4.1) lib/action_controller/metal/rescue.rb:22:in `process_action'
actionpack (6.1.4.1) lib/action_controller/metal/instrumentation.rb:34:in `block in process_action'
activesupport (6.1.4.1) lib/active_support/notifications.rb:203:in `block in instrument'
activesupport (6.1.4.1) lib/active_support/notifications/instrumenter.rb:24:in `instrument'
activesupport (6.1.4.1) lib/active_support/notifications.rb:203:in `instrument'
actionpack (6.1.4.1) lib/action_controller/metal/instrumentation.rb:33:in `process_action'
actionpack (6.1.4.1) lib/action_controller/metal/params_wrapper.rb:249:in `process_action'
activerecord (6.1.4.1) lib/active_record/railties/controller_runtime.rb:27:in `process_action'
actionpack (6.1.4.1) lib/abstract_controller/base.rb:165:in `process'
actionview (6.1.4.1) lib/action_view/rendering.rb:39:in `process'
actionpack (6.1.4.1) lib/action_controller/metal.rb:190:in `dispatch'
actionpack (6.1.4.1) lib/action_controller/metal.rb:254:in `dispatch'
actionpack (6.1.4.1) lib/action_dispatch/routing/route_set.rb:50:in `dispatch'
actionpack (6.1.4.1) lib/action_dispatch/routing/route_set.rb:33:in `serve'
actionpack (6.1.4.1) lib/action_dispatch/journey/router.rb:50:in `block in serve'
actionpack (6.1.4.1) lib/action_dispatch/journey/router.rb:32:in `each'
actionpack (6.1.4.1) lib/action_dispatch/journey/router.rb:32:in `serve'
actionpack (6.1.4.1) lib/action_dispatch/routing/route_set.rb:842:in `call'
rack (2.2.3) lib/rack/tempfile_reaper.rb:15:in `call'
rack (2.2.3) lib/rack/etag.rb:27:in `call'
rack (2.2.3) lib/rack/conditional_get.rb:40:in `call'
rack (2.2.3) lib/rack/head.rb:12:in `call'
actionpack (6.1.4.1) lib/action_dispatch/http/permissions_policy.rb:22:in `call'
actionpack (6.1.4.1) lib/action_dispatch/http/content_security_policy.rb:18:in `call'
rack (2.2.3) lib/rack/session/abstract/id.rb:266:in `context'
rack (2.2.3) lib/rack/session/abstract/id.rb:260:in `call'
actionpack (6.1.4.1) lib/action_dispatch/middleware/cookies.rb:689:in `call'
activerecord (6.1.4.1) lib/active_record/migration.rb:601:in `call'
actionpack (6.1.4.1) lib/action_dispatch/middleware/callbacks.rb:27:in `block in call'
activesupport (6.1.4.1) lib/active_support/callbacks.rb:98:in `run_callbacks'
actionpack (6.1.4.1) lib/action_dispatch/middleware/callbacks.rb:26:in `call'
actionpack (6.1.4.1) lib/action_dispatch/middleware/executor.rb:14:in `call'
actionpack (6.1.4.1) lib/action_dispatch/middleware/actionable_exceptions.rb:18:in `call'
actionpack (6.1.4.1) lib/action_dispatch/middleware/debug_exceptions.rb:29:in `call'
web-console (4.1.0) lib/web_console/middleware.rb:132:in `call_app'
web-console (4.1.0) lib/web_console/middleware.rb:28:in `block in call'
web-console (4.1.0) lib/web_console/middleware.rb:17:in `catch'
web-console (4.1.0) lib/web_console/middleware.rb:17:in `call'
actionpack (6.1.4.1) lib/action_dispatch/middleware/show_exceptions.rb:33:in `call'
railties (6.1.4.1) lib/rails/rack/logger.rb:37:in `call_app'
railties (6.1.4.1) lib/rails/rack/logger.rb:26:in `block in call'
activesupport (6.1.4.1) lib/active_support/tagged_logging.rb:99:in `block in tagged'
activesupport (6.1.4.1) lib/active_support/tagged_logging.rb:37:in `tagged'
activesupport (6.1.4.1) lib/active_support/tagged_logging.rb:99:in `tagged'
railties (6.1.4.1) lib/rails/rack/logger.rb:26:in `call'
sprockets-rails (3.2.2) lib/sprockets/rails/quiet_assets.rb:13:in `call'
actionpack (6.1.4.1) lib/action_dispatch/middleware/remote_ip.rb:81:in `call'
actionpack (6.1.4.1) lib/action_dispatch/middleware/request_id.rb:26:in `call'
rack (2.2.3) lib/rack/method_override.rb:24:in `call'
rack (2.2.3) lib/rack/runtime.rb:22:in `call'
activesupport (6.1.4.1) lib/active_support/cache/strategy/local_cache_middleware.rb:29:in `call'
actionpack (6.1.4.1) lib/action_dispatch/middleware/executor.rb:14:in `call'
actionpack (6.1.4.1) lib/action_dispatch/middleware/static.rb:24:in `call'
rack (2.2.3) lib/rack/sendfile.rb:110:in `call'
actionpack (6.1.4.1) lib/action_dispatch/middleware/host_authorization.rb:98:in `call'
rack-mini-profiler (2.3.3) lib/mini_profiler/profiler.rb:393:in `call'
webpacker (5.4.3) lib/webpacker/dev_server_proxy.rb:25:in `perform_request'
rack-proxy (0.7.0) lib/rack/proxy.rb:63:in `call'
railties (6.1.4.1) lib/rails/engine.rb:539:in `call'
puma (5.5.0) lib/puma/configuration.rb:249:in `call'
puma (5.5.0) lib/puma/request.rb:77:in `block in handle_request'
puma (5.5.0) lib/puma/thread_pool.rb:340:in `with_force_shutdown'
puma (5.5.0) lib/puma/request.rb:76:in `handle_request'
puma (5.5.0) lib/puma/server.rb:447:in `process_client'
puma (5.5.0) lib/puma/thread_pool.rb:147:in `block in spawn_thread'
Started GET "/sponsorships" for ::1 at 2021-09-20 17:57:27 +0200
Processing by SponsorshipsController#index as HTML
  [1m[36mSponsorshipOrder Load (0.7ms)[0m  [1m[34mSELECT "sponsorship_orders".* FROM "sponsorship_orders"[0m
  â†³ app/controllers/sponsorships_controller.rb:4:in `index'
Completed 200 OK in 5ms (Views: 1.5ms | ActiveRecord: 0.7ms | Allocations: 1286)


Started POST "/sponsorships" for ::1 at 2021-09-20 17:57:37 +0200
Processing by SponsorshipsController#create as */*
  Parameters: {"status"=>"paid", "paid_at"=>1632066571, "stripe_id"=>"pi_123", "sponsorship"=>{"status"=>"paid", "paid_at"=>1632066571, "stripe_id"=>"pi_123"}}
Can't verify CSRF token authenticity.
Completed 422 Unprocessable Entity in 1ms (ActiveRecord: 0.0ms | Allocations: 482)


  
ActionController::InvalidAuthenticityToken (ActionController::InvalidAuthenticityToken):
  
actionpack (6.1.4.1) lib/action_controller/metal/request_forgery_protection.rb:211:in `handle_unverified_request'
actionpack (6.1.4.1) lib/action_controller/metal/request_forgery_protection.rb:243:in `handle_unverified_request'
actionpack (6.1.4.1) lib/action_controller/metal/request_forgery_protection.rb:238:in `verify_authenticity_token'
activesupport (6.1.4.1) lib/active_support/callbacks.rb:427:in `block in make_lambda'
activesupport (6.1.4.1) lib/active_support/callbacks.rb:198:in `block (2 levels) in halting'
actionpack (6.1.4.1) lib/abstract_controller/callbacks.rb:34:in `block (2 levels) in <module:Callbacks>'
activesupport (6.1.4.1) lib/active_support/callbacks.rb:199:in `block in halting'
activesupport (6.1.4.1) lib/active_support/callbacks.rb:512:in `block in invoke_before'
activesupport (6.1.4.1) lib/active_support/callbacks.rb:512:in `each'
activesupport (6.1.4.1) lib/active_support/callbacks.rb:512:in `invoke_before'
activesupport (6.1.4.1) lib/active_support/callbacks.rb:115:in `block in run_callbacks'
activesupport (6.1.4.1) lib/active_support/callbacks.rb:137:in `run_callbacks'
actionpack (6.1.4.1) lib/abstract_controller/callbacks.rb:41:in `process_action'
actionpack (6.1.4.1) lib/action_controller/metal/rescue.rb:22:in `process_action'
actionpack (6.1.4.1) lib/action_controller/metal/instrumentation.rb:34:in `block in process_action'
activesupport (6.1.4.1) lib/active_support/notifications.rb:203:in `block in instrument'
activesupport (6.1.4.1) lib/active_support/notifications/instrumenter.rb:24:in `instrument'
activesupport (6.1.4.1) lib/active_support/notifications.rb:203:in `instrument'
actionpack (6.1.4.1) lib/action_controller/metal/instrumentation.rb:33:in `process_action'
actionpack (6.1.4.1) lib/action_controller/metal/params_wrapper.rb:249:in `process_action'
activerecord (6.1.4.1) lib/active_record/railties/controller_runtime.rb:27:in `process_action'
actionpack (6.1.4.1) lib/abstract_controller/base.rb:165:in `process'
actionview (6.1.4.1) lib/action_view/rendering.rb:39:in `process'
actionpack (6.1.4.1) lib/action_controller/metal.rb:190:in `dispatch'
actionpack (6.1.4.1) lib/action_controller/metal.rb:254:in `dispatch'
actionpack (6.1.4.1) lib/action_dispatch/routing/route_set.rb:50:in `dispatch'
actionpack (6.1.4.1) lib/action_dispatch/routing/route_set.rb:33:in `serve'
actionpack (6.1.4.1) lib/action_dispatch/journey/router.rb:50:in `block in serve'
actionpack (6.1.4.1) lib/action_dispatch/journey/router.rb:32:in `each'
actionpack (6.1.4.1) lib/action_dispatch/journey/router.rb:32:in `serve'
actionpack (6.1.4.1) lib/action_dispatch/routing/route_set.rb:842:in `call'
rack (2.2.3) lib/rack/tempfile_reaper.rb:15:in `call'
rack (2.2.3) lib/rack/etag.rb:27:in `call'
rack (2.2.3) lib/rack/conditional_get.rb:40:in `call'
rack (2.2.3) lib/rack/head.rb:12:in `call'
actionpack (6.1.4.1) lib/action_dispatch/http/permissions_policy.rb:22:in `call'
actionpack (6.1.4.1) lib/action_dispatch/http/content_security_policy.rb:18:in `call'
rack (2.2.3) lib/rack/session/abstract/id.rb:266:in `context'
rack (2.2.3) lib/rack/session/abstract/id.rb:260:in `call'
actionpack (6.1.4.1) lib/action_dispatch/middleware/cookies.rb:689:in `call'
activerecord (6.1.4.1) lib/active_record/migration.rb:601:in `call'
actionpack (6.1.4.1) lib/action_dispatch/middleware/callbacks.rb:27:in `block in call'
activesupport (6.1.4.1) lib/active_support/callbacks.rb:98:in `run_callbacks'
actionpack (6.1.4.1) lib/action_dispatch/middleware/callbacks.rb:26:in `call'
actionpack (6.1.4.1) lib/action_dispatch/middleware/executor.rb:14:in `call'
actionpack (6.1.4.1) lib/action_dispatch/middleware/actionable_exceptions.rb:18:in `call'
actionpack (6.1.4.1) lib/action_dispatch/middleware/debug_exceptions.rb:29:in `call'
web-console (4.1.0) lib/web_console/middleware.rb:132:in `call_app'
web-console (4.1.0) lib/web_console/middleware.rb:28:in `block in call'
web-console (4.1.0) lib/web_console/middleware.rb:17:in `catch'
web-console (4.1.0) lib/web_console/middleware.rb:17:in `call'
actionpack (6.1.4.1) lib/action_dispatch/middleware/show_exceptions.rb:33:in `call'
railties (6.1.4.1) lib/rails/rack/logger.rb:37:in `call_app'
railties (6.1.4.1) lib/rails/rack/logger.rb:26:in `block in call'
activesupport (6.1.4.1) lib/active_support/tagged_logging.rb:99:in `block in tagged'
activesupport (6.1.4.1) lib/active_support/tagged_logging.rb:37:in `tagged'
activesupport (6.1.4.1) lib/active_support/tagged_logging.rb:99:in `tagged'
railties (6.1.4.1) lib/rails/rack/logger.rb:26:in `call'
sprockets-rails (3.2.2) lib/sprockets/rails/quiet_assets.rb:13:in `call'
actionpack (6.1.4.1) lib/action_dispatch/middleware/remote_ip.rb:81:in `call'
actionpack (6.1.4.1) lib/action_dispatch/middleware/request_id.rb:26:in `call'
rack (2.2.3) lib/rack/method_override.rb:24:in `call'
rack (2.2.3) lib/rack/runtime.rb:22:in `call'
activesupport (6.1.4.1) lib/active_support/cache/strategy/local_cache_middleware.rb:29:in `call'
actionpack (6.1.4.1) lib/action_dispatch/middleware/executor.rb:14:in `call'
actionpack (6.1.4.1) lib/action_dispatch/middleware/static.rb:24:in `call'
rack (2.2.3) lib/rack/sendfile.rb:110:in `call'
actionpack (6.1.4.1) lib/action_dispatch/middleware/host_authorization.rb:98:in `call'
rack-mini-profiler (2.3.3) lib/mini_profiler/profiler.rb:393:in `call'
webpacker (5.4.3) lib/webpacker/dev_server_proxy.rb:25:in `perform_request'
rack-proxy (0.7.0) lib/rack/proxy.rb:63:in `call'
railties (6.1.4.1) lib/rails/engine.rb:539:in `call'
puma (5.5.0) lib/puma/configuration.rb:249:in `call'
puma (5.5.0) lib/puma/request.rb:77:in `block in handle_request'
puma (5.5.0) lib/puma/thread_pool.rb:340:in `with_force_shutdown'
puma (5.5.0) lib/puma/request.rb:76:in `handle_request'
puma (5.5.0) lib/puma/server.rb:447:in `process_client'
puma (5.5.0) lib/puma/thread_pool.rb:147:in `block in spawn_thread'
Started GET "/" for ::1 at 2021-09-20 18:07:05 +0200
Processing by StaticPagesController#root as HTML
  Rendering layout layouts/application.html.erb
  Rendering static_pages/root.html.erb within layouts/application
  Rendered static_pages/root.html.erb within layouts/application (Duration: 0.9ms | Allocations: 322)
[Webpacker] Everything's up-to-date. Nothing to do
  Rendered layout layouts/application.html.erb (Duration: 35.2ms | Allocations: 4039)
Completed 200 OK in 58ms (Views: 57.1ms | Allocations: 5037)


Started GET "/" for ::1 at 2021-09-20 18:07:26 +0200
Processing by StaticPagesController#root as HTML
  Rendering layout layouts/application.html.erb
  Rendering static_pages/root.html.erb within layouts/application
  Rendered static_pages/root.html.erb within layouts/application (Duration: 0.4ms | Allocations: 168)
[Webpacker] Everything's up-to-date. Nothing to do
  Rendered layout layouts/application.html.erb (Duration: 11.2ms | Allocations: 3600)
Completed 200 OK in 12ms (Views: 11.8ms | Allocations: 3864)


Started GET "/" for ::1 at 2021-09-20 18:07:40 +0200
Processing by StaticPagesController#root as HTML
  Rendering layout layouts/application.html.erb
  Rendering static_pages/root.html.erb within layouts/application
  Rendered static_pages/root.html.erb within layouts/application (Duration: 0.5ms | Allocations: 168)
[Webpacker] Everything's up-to-date. Nothing to do
  Rendered layout layouts/application.html.erb (Duration: 6.1ms | Allocations: 3590)
Completed 200 OK in 7ms (Views: 6.7ms | Allocations: 3846)


Started GET "/" for ::1 at 2021-09-20 18:08:01 +0200
Processing by StaticPagesController#root as HTML
  Rendering layout layouts/application.html.erb
  Rendering static_pages/root.html.erb within layouts/application
  Rendered static_pages/root.html.erb within layouts/application (Duration: 0.4ms | Allocations: 168)
[Webpacker] Everything's up-to-date. Nothing to do
  Rendered layout layouts/application.html.erb (Duration: 6.1ms | Allocations: 3590)
Completed 200 OK in 7ms (Views: 6.9ms | Allocations: 3846)


Started GET "/" for ::1 at 2021-09-20 18:09:29 +0200
  [1m[35m (1.1ms)[0m  [1m[34mSELECT sqlite_version(*)[0m
  [1m[35m (0.6ms)[0m  [1m[34mSELECT "schema_migrations"."version" FROM "schema_migrations" ORDER BY "schema_migrations"."version" ASC[0m
Processing by StaticPagesController#root as HTML
  Rendering layout layouts/application.html.erb
  Rendering static_pages/root.html.erb within layouts/application
  Rendered static_pages/root.html.erb within layouts/application (Duration: 3.1ms | Allocations: 466)
[Webpacker] Everything's up-to-date. Nothing to do
  Rendered layout layouts/application.html.erb (Duration: 17.5ms | Allocations: 5567)
Completed 200 OK in 25ms (Views: 20.4ms | ActiveRecord: 0.0ms | Allocations: 8007)


Started GET "/" for ::1 at 2021-09-20 18:10:04 +0200
  [1m[35m (0.4ms)[0m  [1m[34mSELECT sqlite_version(*)[0m
  [1m[35m (0.9ms)[0m  [1m[34mSELECT "schema_migrations"."version" FROM "schema_migrations" ORDER BY "schema_migrations"."version" ASC[0m
Processing by StaticPagesController#root as HTML
  Rendering layout layouts/application.html.erb
  Rendering static_pages/root.html.erb within layouts/application
  Rendered static_pages/root.html.erb within layouts/application (Duration: 3.6ms | Allocations: 466)
[Webpacker] Everything's up-to-date. Nothing to do
  Rendered layout layouts/application.html.erb (Duration: 18.8ms | Allocations: 5567)
Completed 200 OK in 28ms (Views: 22.6ms | ActiveRecord: 0.0ms | Allocations: 8007)


Started GET "/" for ::1 at 2021-09-20 18:10:20 +0200
Processing by StaticPagesController#root as HTML
  Rendering layout layouts/application.html.erb
  Rendering static_pages/root.html.erb within layouts/application
  Rendered static_pages/root.html.erb within layouts/application (Duration: 1.0ms | Allocations: 313)
[Webpacker] Everything's up-to-date. Nothing to do
  Rendered layout layouts/application.html.erb (Duration: 7.9ms | Allocations: 3904)
Completed 200 OK in 12ms (Views: 10.6ms | ActiveRecord: 0.0ms | Allocations: 4874)


Started GET "/" for ::1 at 2021-09-20 18:10:32 +0200
Processing by StaticPagesController#root as HTML
  Rendering layout layouts/application.html.erb
  Rendering static_pages/root.html.erb within layouts/application
  Rendered static_pages/root.html.erb within layouts/application (Duration: 0.6ms | Allocations: 310)
[Webpacker] Everything's up-to-date. Nothing to do
  Rendered layout layouts/application.html.erb (Duration: 5.5ms | Allocations: 3902)
Completed 200 OK in 8ms (Views: 7.3ms | ActiveRecord: 0.0ms | Allocations: 4873)


Started POST "/sponsorships" for ::1 at 2021-09-20 18:10:35 +0200
Processing by SponsorshipsController#create as */*
  Parameters: {"authenticiy_token"=>"[FILTERED]", "sponsorship_order"=>{"status"=>"paid", "paid_at"=>1632066571, "stripe_id"=>"pi_123"}, "sponsorship"=>{"authenticiy_token"=>"[FILTERED]", "sponsorship_order"=>{"status"=>"paid", "paid_at"=>1632066571, "stripe_id"=>"pi_123"}}}
Can't verify CSRF token authenticity.
Completed 422 Unprocessable Entity in 0ms (ActiveRecord: 0.0ms | Allocations: 429)


  
ActionController::InvalidAuthenticityToken (ActionController::InvalidAuthenticityToken):
  
actionpack (6.1.4.1) lib/action_controller/metal/request_forgery_protection.rb:211:in `handle_unverified_request'
actionpack (6.1.4.1) lib/action_controller/metal/request_forgery_protection.rb:243:in `handle_unverified_request'
actionpack (6.1.4.1) lib/action_controller/metal/request_forgery_protection.rb:238:in `verify_authenticity_token'
activesupport (6.1.4.1) lib/active_support/callbacks.rb:427:in `block in make_lambda'
activesupport (6.1.4.1) lib/active_support/callbacks.rb:198:in `block (2 levels) in halting'
actionpack (6.1.4.1) lib/abstract_controller/callbacks.rb:34:in `block (2 levels) in <module:Callbacks>'
activesupport (6.1.4.1) lib/active_support/callbacks.rb:199:in `block in halting'
activesupport (6.1.4.1) lib/active_support/callbacks.rb:512:in `block in invoke_before'
activesupport (6.1.4.1) lib/active_support/callbacks.rb:512:in `each'
activesupport (6.1.4.1) lib/active_support/callbacks.rb:512:in `invoke_before'
activesupport (6.1.4.1) lib/active_support/callbacks.rb:115:in `block in run_callbacks'
activesupport (6.1.4.1) lib/active_support/callbacks.rb:137:in `run_callbacks'
actionpack (6.1.4.1) lib/abstract_controller/callbacks.rb:41:in `process_action'
actionpack (6.1.4.1) lib/action_controller/metal/rescue.rb:22:in `process_action'
actionpack (6.1.4.1) lib/action_controller/metal/instrumentation.rb:34:in `block in process_action'
activesupport (6.1.4.1) lib/active_support/notifications.rb:203:in `block in instrument'
activesupport (6.1.4.1) lib/active_support/notifications/instrumenter.rb:24:in `instrument'
activesupport (6.1.4.1) lib/active_support/notifications.rb:203:in `instrument'
actionpack (6.1.4.1) lib/action_controller/metal/instrumentation.rb:33:in `process_action'
actionpack (6.1.4.1) lib/action_controller/metal/params_wrapper.rb:249:in `process_action'
activerecord (6.1.4.1) lib/active_record/railties/controller_runtime.rb:27:in `process_action'
actionpack (6.1.4.1) lib/abstract_controller/base.rb:165:in `process'
actionview (6.1.4.1) lib/action_view/rendering.rb:39:in `process'
actionpack (6.1.4.1) lib/action_controller/metal.rb:190:in `dispatch'
actionpack (6.1.4.1) lib/action_controller/metal.rb:254:in `dispatch'
actionpack (6.1.4.1) lib/action_dispatch/routing/route_set.rb:50:in `dispatch'
actionpack (6.1.4.1) lib/action_dispatch/routing/route_set.rb:33:in `serve'
actionpack (6.1.4.1) lib/action_dispatch/journey/router.rb:50:in `block in serve'
actionpack (6.1.4.1) lib/action_dispatch/journey/router.rb:32:in `each'
actionpack (6.1.4.1) lib/action_dispatch/journey/router.rb:32:in `serve'
actionpack (6.1.4.1) lib/action_dispatch/routing/route_set.rb:842:in `call'
rack (2.2.3) lib/rack/tempfile_reaper.rb:15:in `call'
rack (2.2.3) lib/rack/etag.rb:27:in `call'
rack (2.2.3) lib/rack/conditional_get.rb:40:in `call'
rack (2.2.3) lib/rack/head.rb:12:in `call'
actionpack (6.1.4.1) lib/action_dispatch/http/permissions_policy.rb:22:in `call'
actionpack (6.1.4.1) lib/action_dispatch/http/content_security_policy.rb:18:in `call'
rack (2.2.3) lib/rack/session/abstract/id.rb:266:in `context'
rack (2.2.3) lib/rack/session/abstract/id.rb:260:in `call'
actionpack (6.1.4.1) lib/action_dispatch/middleware/cookies.rb:689:in `call'
activerecord (6.1.4.1) lib/active_record/migration.rb:601:in `call'
actionpack (6.1.4.1) lib/action_dispatch/middleware/callbacks.rb:27:in `block in call'
activesupport (6.1.4.1) lib/active_support/callbacks.rb:98:in `run_callbacks'
actionpack (6.1.4.1) lib/action_dispatch/middleware/callbacks.rb:26:in `call'
actionpack (6.1.4.1) lib/action_dispatch/middleware/executor.rb:14:in `call'
actionpack (6.1.4.1) lib/action_dispatch/middleware/actionable_exceptions.rb:18:in `call'
actionpack (6.1.4.1) lib/action_dispatch/middleware/debug_exceptions.rb:29:in `call'
web-console (4.1.0) lib/web_console/middleware.rb:132:in `call_app'
web-console (4.1.0) lib/web_console/middleware.rb:28:in `block in call'
web-console (4.1.0) lib/web_console/middleware.rb:17:in `catch'
web-console (4.1.0) lib/web_console/middleware.rb:17:in `call'
actionpack (6.1.4.1) lib/action_dispatch/middleware/show_exceptions.rb:33:in `call'
railties (6.1.4.1) lib/rails/rack/logger.rb:37:in `call_app'
railties (6.1.4.1) lib/rails/rack/logger.rb:26:in `block in call'
activesupport (6.1.4.1) lib/active_support/tagged_logging.rb:99:in `block in tagged'
activesupport (6.1.4.1) lib/active_support/tagged_logging.rb:37:in `tagged'
activesupport (6.1.4.1) lib/active_support/tagged_logging.rb:99:in `tagged'
railties (6.1.4.1) lib/rails/rack/logger.rb:26:in `call'
sprockets-rails (3.2.2) lib/sprockets/rails/quiet_assets.rb:13:in `call'
actionpack (6.1.4.1) lib/action_dispatch/middleware/remote_ip.rb:81:in `call'
actionpack (6.1.4.1) lib/action_dispatch/middleware/request_id.rb:26:in `call'
rack (2.2.3) lib/rack/method_override.rb:24:in `call'
rack (2.2.3) lib/rack/runtime.rb:22:in `call'
activesupport (6.1.4.1) lib/active_support/cache/strategy/local_cache_middleware.rb:29:in `call'
actionpack (6.1.4.1) lib/action_dispatch/middleware/executor.rb:14:in `call'
actionpack (6.1.4.1) lib/action_dispatch/middleware/static.rb:24:in `call'
rack (2.2.3) lib/rack/sendfile.rb:110:in `call'
actionpack (6.1.4.1) lib/action_dispatch/middleware/host_authorization.rb:98:in `call'
rack-mini-profiler (2.3.3) lib/mini_profiler/profiler.rb:393:in `call'
webpacker (5.4.3) lib/webpacker/dev_server_proxy.rb:25:in `perform_request'
rack-proxy (0.7.0) lib/rack/proxy.rb:63:in `call'
railties (6.1.4.1) lib/rails/engine.rb:539:in `call'
puma (5.5.0) lib/puma/configuration.rb:249:in `call'
puma (5.5.0) lib/puma/request.rb:77:in `block in handle_request'
puma (5.5.0) lib/puma/thread_pool.rb:340:in `with_force_shutdown'
puma (5.5.0) lib/puma/request.rb:76:in `handle_request'
puma (5.5.0) lib/puma/server.rb:447:in `process_client'
puma (5.5.0) lib/puma/thread_pool.rb:147:in `block in spawn_thread'
Started GET "/" for ::1 at 2021-09-20 18:10:39 +0200
Processing by StaticPagesController#root as HTML
  Rendering layout layouts/application.html.erb
  Rendering static_pages/root.html.erb within layouts/application
  Rendered static_pages/root.html.erb within layouts/application (Duration: 0.4ms | Allocations: 180)
[Webpacker] Everything's up-to-date. Nothing to do
  Rendered layout layouts/application.html.erb (Duration: 5.0ms | Allocations: 3733)
Completed 200 OK in 6ms (Views: 5.5ms | ActiveRecord: 0.0ms | Allocations: 4065)


Started POST "/sponsorships" for ::1 at 2021-09-20 18:10:48 +0200
Processing by SponsorshipsController#create as */*
  Parameters: {"authenticiy_token"=>"[FILTERED]", "sponsorship_order"=>{"status"=>"paid", "paid_at"=>1632066571, "stripe_id"=>"pi_123"}, "sponsorship"=>{"authenticiy_token"=>"[FILTERED]", "sponsorship_order"=>{"status"=>"paid", "paid_at"=>1632066571, "stripe_id"=>"pi_123"}}}
Can't verify CSRF token authenticity.
Completed 422 Unprocessable Entity in 1ms (ActiveRecord: 0.0ms | Allocations: 479)


  
ActionController::InvalidAuthenticityToken (ActionController::InvalidAuthenticityToken):
  
actionpack (6.1.4.1) lib/action_controller/metal/request_forgery_protection.rb:211:in `handle_unverified_request'
actionpack (6.1.4.1) lib/action_controller/metal/request_forgery_protection.rb:243:in `handle_unverified_request'
actionpack (6.1.4.1) lib/action_controller/metal/request_forgery_protection.rb:238:in `verify_authenticity_token'
activesupport (6.1.4.1) lib/active_support/callbacks.rb:427:in `block in make_lambda'
activesupport (6.1.4.1) lib/active_support/callbacks.rb:198:in `block (2 levels) in halting'
actionpack (6.1.4.1) lib/abstract_controller/callbacks.rb:34:in `block (2 levels) in <module:Callbacks>'
activesupport (6.1.4.1) lib/active_support/callbacks.rb:199:in `block in halting'
activesupport (6.1.4.1) lib/active_support/callbacks.rb:512:in `block in invoke_before'
activesupport (6.1.4.1) lib/active_support/callbacks.rb:512:in `each'
activesupport (6.1.4.1) lib/active_support/callbacks.rb:512:in `invoke_before'
activesupport (6.1.4.1) lib/active_support/callbacks.rb:115:in `block in run_callbacks'
activesupport (6.1.4.1) lib/active_support/callbacks.rb:137:in `run_callbacks'
actionpack (6.1.4.1) lib/abstract_controller/callbacks.rb:41:in `process_action'
actionpack (6.1.4.1) lib/action_controller/metal/rescue.rb:22:in `process_action'
actionpack (6.1.4.1) lib/action_controller/metal/instrumentation.rb:34:in `block in process_action'
activesupport (6.1.4.1) lib/active_support/notifications.rb:203:in `block in instrument'
activesupport (6.1.4.1) lib/active_support/notifications/instrumenter.rb:24:in `instrument'
activesupport (6.1.4.1) lib/active_support/notifications.rb:203:in `instrument'
actionpack (6.1.4.1) lib/action_controller/metal/instrumentation.rb:33:in `process_action'
actionpack (6.1.4.1) lib/action_controller/metal/params_wrapper.rb:249:in `process_action'
activerecord (6.1.4.1) lib/active_record/railties/controller_runtime.rb:27:in `process_action'
actionpack (6.1.4.1) lib/abstract_controller/base.rb:165:in `process'
actionview (6.1.4.1) lib/action_view/rendering.rb:39:in `process'
actionpack (6.1.4.1) lib/action_controller/metal.rb:190:in `dispatch'
actionpack (6.1.4.1) lib/action_controller/metal.rb:254:in `dispatch'
actionpack (6.1.4.1) lib/action_dispatch/routing/route_set.rb:50:in `dispatch'
actionpack (6.1.4.1) lib/action_dispatch/routing/route_set.rb:33:in `serve'
actionpack (6.1.4.1) lib/action_dispatch/journey/router.rb:50:in `block in serve'
actionpack (6.1.4.1) lib/action_dispatch/journey/router.rb:32:in `each'
actionpack (6.1.4.1) lib/action_dispatch/journey/router.rb:32:in `serve'
actionpack (6.1.4.1) lib/action_dispatch/routing/route_set.rb:842:in `call'
rack (2.2.3) lib/rack/tempfile_reaper.rb:15:in `call'
rack (2.2.3) lib/rack/etag.rb:27:in `call'
rack (2.2.3) lib/rack/conditional_get.rb:40:in `call'
rack (2.2.3) lib/rack/head.rb:12:in `call'
actionpack (6.1.4.1) lib/action_dispatch/http/permissions_policy.rb:22:in `call'
actionpack (6.1.4.1) lib/action_dispatch/http/content_security_policy.rb:18:in `call'
rack (2.2.3) lib/rack/session/abstract/id.rb:266:in `context'
rack (2.2.3) lib/rack/session/abstract/id.rb:260:in `call'
actionpack (6.1.4.1) lib/action_dispatch/middleware/cookies.rb:689:in `call'
activerecord (6.1.4.1) lib/active_record/migration.rb:601:in `call'
actionpack (6.1.4.1) lib/action_dispatch/middleware/callbacks.rb:27:in `block in call'
activesupport (6.1.4.1) lib/active_support/callbacks.rb:98:in `run_callbacks'
actionpack (6.1.4.1) lib/action_dispatch/middleware/callbacks.rb:26:in `call'
actionpack (6.1.4.1) lib/action_dispatch/middleware/executor.rb:14:in `call'
actionpack (6.1.4.1) lib/action_dispatch/middleware/actionable_exceptions.rb:18:in `call'
actionpack (6.1.4.1) lib/action_dispatch/middleware/debug_exceptions.rb:29:in `call'
web-console (4.1.0) lib/web_console/middleware.rb:132:in `call_app'
web-console (4.1.0) lib/web_console/middleware.rb:28:in `block in call'
web-console (4.1.0) lib/web_console/middleware.rb:17:in `catch'
web-console (4.1.0) lib/web_console/middleware.rb:17:in `call'
actionpack (6.1.4.1) lib/action_dispatch/middleware/show_exceptions.rb:33:in `call'
railties (6.1.4.1) lib/rails/rack/logger.rb:37:in `call_app'
railties (6.1.4.1) lib/rails/rack/logger.rb:26:in `block in call'
activesupport (6.1.4.1) lib/active_support/tagged_logging.rb:99:in `block in tagged'
activesupport (6.1.4.1) lib/active_support/tagged_logging.rb:37:in `tagged'
activesupport (6.1.4.1) lib/active_support/tagged_logging.rb:99:in `tagged'
railties (6.1.4.1) lib/rails/rack/logger.rb:26:in `call'
sprockets-rails (3.2.2) lib/sprockets/rails/quiet_assets.rb:13:in `call'
actionpack (6.1.4.1) lib/action_dispatch/middleware/remote_ip.rb:81:in `call'
actionpack (6.1.4.1) lib/action_dispatch/middleware/request_id.rb:26:in `call'
rack (2.2.3) lib/rack/method_override.rb:24:in `call'
rack (2.2.3) lib/rack/runtime.rb:22:in `call'
activesupport (6.1.4.1) lib/active_support/cache/strategy/local_cache_middleware.rb:29:in `call'
actionpack (6.1.4.1) lib/action_dispatch/middleware/executor.rb:14:in `call'
actionpack (6.1.4.1) lib/action_dispatch/middleware/static.rb:24:in `call'
rack (2.2.3) lib/rack/sendfile.rb:110:in `call'
actionpack (6.1.4.1) lib/action_dispatch/middleware/host_authorization.rb:98:in `call'
rack-mini-profiler (2.3.3) lib/mini_profiler/profiler.rb:393:in `call'
webpacker (5.4.3) lib/webpacker/dev_server_proxy.rb:25:in `perform_request'
rack-proxy (0.7.0) lib/rack/proxy.rb:63:in `call'
railties (6.1.4.1) lib/rails/engine.rb:539:in `call'
puma (5.5.0) lib/puma/configuration.rb:249:in `call'
puma (5.5.0) lib/puma/request.rb:77:in `block in handle_request'
puma (5.5.0) lib/puma/thread_pool.rb:340:in `with_force_shutdown'
puma (5.5.0) lib/puma/request.rb:76:in `handle_request'
puma (5.5.0) lib/puma/server.rb:447:in `process_client'
puma (5.5.0) lib/puma/thread_pool.rb:147:in `block in spawn_thread'
Started GET "/sponsorships" for ::1 at 2021-09-20 18:10:57 +0200
Processing by SponsorshipsController#index as HTML
  [1m[36mSponsorshipOrder Load (0.7ms)[0m  [1m[34mSELECT "sponsorship_orders".* FROM "sponsorship_orders"[0m
  â†³ app/controllers/sponsorships_controller.rb:4:in `index'
Completed 200 OK in 6ms (Views: 1.9ms | ActiveRecord: 0.7ms | Allocations: 1182)


Started GET "/sponsorships" for ::1 at 2021-09-20 18:10:59 +0200
Processing by SponsorshipsController#index as HTML
  [1m[36mSponsorshipOrder Load (0.1ms)[0m  [1m[34mSELECT "sponsorship_orders".* FROM "sponsorship_orders"[0m
  â†³ app/controllers/sponsorships_controller.rb:4:in `index'
Completed 200 OK in 2ms (Views: 1.4ms | ActiveRecord: 0.1ms | Allocations: 789)


Started GET "/" for ::1 at 2021-09-20 18:12:28 +0200
  [1m[35m (0.4ms)[0m  [1m[34mSELECT sqlite_version(*)[0m
  [1m[35m (0.1ms)[0m  [1m[34mSELECT "schema_migrations"."version" FROM "schema_migrations" ORDER BY "schema_migrations"."version" ASC[0m
Processing by StaticPagesController#root as HTML
  Rendering layout layouts/application.html.erb
  Rendering static_pages/root.html.erb within layouts/application
  Rendered static_pages/root.html.erb within layouts/application (Duration: 3.4ms | Allocations: 466)
[Webpacker] Everything's up-to-date. Nothing to do
  Rendered layout layouts/application.html.erb (Duration: 19.6ms | Allocations: 5567)
Completed 200 OK in 28ms (Views: 23.1ms | ActiveRecord: 0.0ms | Allocations: 8007)


Started POST "/sponsorships" for ::1 at 2021-09-20 18:12:31 +0200
Processing by SponsorshipsController#create as */*
  Parameters: {"authenticiy_token"=>"[FILTERED]", "sponsorship_order"=>{"status"=>"paid", "paid_at"=>1632066571, "stripe_id"=>"pi_123"}, "sponsorship"=>{"authenticiy_token"=>"[FILTERED]", "sponsorship_order"=>{"status"=>"paid", "paid_at"=>1632066571, "stripe_id"=>"pi_123"}}}
Can't verify CSRF token authenticity.
Completed 422 Unprocessable Entity in 1ms (ActiveRecord: 0.0ms | Allocations: 429)


  
ActionController::InvalidAuthenticityToken (ActionController::InvalidAuthenticityToken):
  
actionpack (6.1.4.1) lib/action_controller/metal/request_forgery_protection.rb:211:in `handle_unverified_request'
actionpack (6.1.4.1) lib/action_controller/metal/request_forgery_protection.rb:243:in `handle_unverified_request'
actionpack (6.1.4.1) lib/action_controller/metal/request_forgery_protection.rb:238:in `verify_authenticity_token'
activesupport (6.1.4.1) lib/active_support/callbacks.rb:427:in `block in make_lambda'
activesupport (6.1.4.1) lib/active_support/callbacks.rb:198:in `block (2 levels) in halting'
actionpack (6.1.4.1) lib/abstract_controller/callbacks.rb:34:in `block (2 levels) in <module:Callbacks>'
activesupport (6.1.4.1) lib/active_support/callbacks.rb:199:in `block in halting'
activesupport (6.1.4.1) lib/active_support/callbacks.rb:512:in `block in invoke_before'
activesupport (6.1.4.1) lib/active_support/callbacks.rb:512:in `each'
activesupport (6.1.4.1) lib/active_support/callbacks.rb:512:in `invoke_before'
activesupport (6.1.4.1) lib/active_support/callbacks.rb:115:in `block in run_callbacks'
activesupport (6.1.4.1) lib/active_support/callbacks.rb:137:in `run_callbacks'
actionpack (6.1.4.1) lib/abstract_controller/callbacks.rb:41:in `process_action'
actionpack (6.1.4.1) lib/action_controller/metal/rescue.rb:22:in `process_action'
actionpack (6.1.4.1) lib/action_controller/metal/instrumentation.rb:34:in `block in process_action'
activesupport (6.1.4.1) lib/active_support/notifications.rb:203:in `block in instrument'
activesupport (6.1.4.1) lib/active_support/notifications/instrumenter.rb:24:in `instrument'
activesupport (6.1.4.1) lib/active_support/notifications.rb:203:in `instrument'
actionpack (6.1.4.1) lib/action_controller/metal/instrumentation.rb:33:in `process_action'
actionpack (6.1.4.1) lib/action_controller/metal/params_wrapper.rb:249:in `process_action'
activerecord (6.1.4.1) lib/active_record/railties/controller_runtime.rb:27:in `process_action'
actionpack (6.1.4.1) lib/abstract_controller/base.rb:165:in `process'
actionview (6.1.4.1) lib/action_view/rendering.rb:39:in `process'
actionpack (6.1.4.1) lib/action_controller/metal.rb:190:in `dispatch'
actionpack (6.1.4.1) lib/action_controller/metal.rb:254:in `dispatch'
actionpack (6.1.4.1) lib/action_dispatch/routing/route_set.rb:50:in `dispatch'
actionpack (6.1.4.1) lib/action_dispatch/routing/route_set.rb:33:in `serve'
actionpack (6.1.4.1) lib/action_dispatch/journey/router.rb:50:in `block in serve'
actionpack (6.1.4.1) lib/action_dispatch/journey/router.rb:32:in `each'
actionpack (6.1.4.1) lib/action_dispatch/journey/router.rb:32:in `serve'
actionpack (6.1.4.1) lib/action_dispatch/routing/route_set.rb:842:in `call'
rack (2.2.3) lib/rack/tempfile_reaper.rb:15:in `call'
rack (2.2.3) lib/rack/etag.rb:27:in `call'
rack (2.2.3) lib/rack/conditional_get.rb:40:in `call'
rack (2.2.3) lib/rack/head.rb:12:in `call'
actionpack (6.1.4.1) lib/action_dispatch/http/permissions_policy.rb:22:in `call'
actionpack (6.1.4.1) lib/action_dispatch/http/content_security_policy.rb:18:in `call'
rack (2.2.3) lib/rack/session/abstract/id.rb:266:in `context'
rack (2.2.3) lib/rack/session/abstract/id.rb:260:in `call'
actionpack (6.1.4.1) lib/action_dispatch/middleware/cookies.rb:689:in `call'
activerecord (6.1.4.1) lib/active_record/migration.rb:601:in `call'
actionpack (6.1.4.1) lib/action_dispatch/middleware/callbacks.rb:27:in `block in call'
activesupport (6.1.4.1) lib/active_support/callbacks.rb:98:in `run_callbacks'
actionpack (6.1.4.1) lib/action_dispatch/middleware/callbacks.rb:26:in `call'
actionpack (6.1.4.1) lib/action_dispatch/middleware/executor.rb:14:in `call'
actionpack (6.1.4.1) lib/action_dispatch/middleware/actionable_exceptions.rb:18:in `call'
actionpack (6.1.4.1) lib/action_dispatch/middleware/debug_exceptions.rb:29:in `call'
web-console (4.1.0) lib/web_console/middleware.rb:132:in `call_app'
web-console (4.1.0) lib/web_console/middleware.rb:28:in `block in call'
web-console (4.1.0) lib/web_console/middleware.rb:17:in `catch'
web-console (4.1.0) lib/web_console/middleware.rb:17:in `call'
actionpack (6.1.4.1) lib/action_dispatch/middleware/show_exceptions.rb:33:in `call'
railties (6.1.4.1) lib/rails/rack/logger.rb:37:in `call_app'
railties (6.1.4.1) lib/rails/rack/logger.rb:26:in `block in call'
activesupport (6.1.4.1) lib/active_support/tagged_logging.rb:99:in `block in tagged'
activesupport (6.1.4.1) lib/active_support/tagged_logging.rb:37:in `tagged'
activesupport (6.1.4.1) lib/active_support/tagged_logging.rb:99:in `tagged'
railties (6.1.4.1) lib/rails/rack/logger.rb:26:in `call'
sprockets-rails (3.2.2) lib/sprockets/rails/quiet_assets.rb:13:in `call'
actionpack (6.1.4.1) lib/action_dispatch/middleware/remote_ip.rb:81:in `call'
actionpack (6.1.4.1) lib/action_dispatch/middleware/request_id.rb:26:in `call'
rack (2.2.3) lib/rack/method_override.rb:24:in `call'
rack (2.2.3) lib/rack/runtime.rb:22:in `call'
activesupport (6.1.4.1) lib/active_support/cache/strategy/local_cache_middleware.rb:29:in `call'
actionpack (6.1.4.1) lib/action_dispatch/middleware/executor.rb:14:in `call'
actionpack (6.1.4.1) lib/action_dispatch/middleware/static.rb:24:in `call'
rack (2.2.3) lib/rack/sendfile.rb:110:in `call'
actionpack (6.1.4.1) lib/action_dispatch/middleware/host_authorization.rb:98:in `call'
rack-mini-profiler (2.3.3) lib/mini_profiler/profiler.rb:393:in `call'
webpacker (5.4.3) lib/webpacker/dev_server_proxy.rb:25:in `perform_request'
rack-proxy (0.7.0) lib/rack/proxy.rb:63:in `call'
railties (6.1.4.1) lib/rails/engine.rb:539:in `call'
puma (5.5.0) lib/puma/configuration.rb:249:in `call'
puma (5.5.0) lib/puma/request.rb:77:in `block in handle_request'
puma (5.5.0) lib/puma/thread_pool.rb:340:in `with_force_shutdown'
puma (5.5.0) lib/puma/request.rb:76:in `handle_request'
puma (5.5.0) lib/puma/server.rb:447:in `process_client'
puma (5.5.0) lib/puma/thread_pool.rb:147:in `block in spawn_thread'
Started GET "/" for ::1 at 2021-09-20 18:14:14 +0200
Processing by StaticPagesController#root as HTML
  Rendering layout layouts/application.html.erb
  Rendering static_pages/root.html.erb within layouts/application
  Rendered static_pages/root.html.erb within layouts/application (Duration: 0.6ms | Allocations: 322)
[Webpacker] Everything's up-to-date. Nothing to do
  Rendered layout layouts/application.html.erb (Duration: 25.9ms | Allocations: 4036)
Completed 200 OK in 29ms (Views: 27.8ms | ActiveRecord: 0.0ms | Allocations: 5087)


Started POST "/sponsorships" for ::1 at 2021-09-20 18:14:17 +0200
Processing by SponsorshipsController#create as */*
  Parameters: {"authenticiy_token"=>"[FILTERED]", "sponsorship_order"=>{"status"=>"paid", "paid_at"=>1632066571, "stripe_id"=>"pi_123"}, "sponsorship"=>{"authenticiy_token"=>"[FILTERED]", "sponsorship_order"=>{"status"=>"paid", "paid_at"=>1632066571, "stripe_id"=>"pi_123"}}}
Can't verify CSRF token authenticity.
Completed 422 Unprocessable Entity in 1ms (ActiveRecord: 0.0ms | Allocations: 477)


  
ActionController::InvalidAuthenticityToken (ActionController::InvalidAuthenticityToken):
  
actionpack (6.1.4.1) lib/action_controller/metal/request_forgery_protection.rb:211:in `handle_unverified_request'
actionpack (6.1.4.1) lib/action_controller/metal/request_forgery_protection.rb:243:in `handle_unverified_request'
actionpack (6.1.4.1) lib/action_controller/metal/request_forgery_protection.rb:238:in `verify_authenticity_token'
activesupport (6.1.4.1) lib/active_support/callbacks.rb:427:in `block in make_lambda'
activesupport (6.1.4.1) lib/active_support/callbacks.rb:198:in `block (2 levels) in halting'
actionpack (6.1.4.1) lib/abstract_controller/callbacks.rb:34:in `block (2 levels) in <module:Callbacks>'
activesupport (6.1.4.1) lib/active_support/callbacks.rb:199:in `block in halting'
activesupport (6.1.4.1) lib/active_support/callbacks.rb:512:in `block in invoke_before'
activesupport (6.1.4.1) lib/active_support/callbacks.rb:512:in `each'
activesupport (6.1.4.1) lib/active_support/callbacks.rb:512:in `invoke_before'
activesupport (6.1.4.1) lib/active_support/callbacks.rb:115:in `block in run_callbacks'
activesupport (6.1.4.1) lib/active_support/callbacks.rb:137:in `run_callbacks'
actionpack (6.1.4.1) lib/abstract_controller/callbacks.rb:41:in `process_action'
actionpack (6.1.4.1) lib/action_controller/metal/rescue.rb:22:in `process_action'
actionpack (6.1.4.1) lib/action_controller/metal/instrumentation.rb:34:in `block in process_action'
activesupport (6.1.4.1) lib/active_support/notifications.rb:203:in `block in instrument'
activesupport (6.1.4.1) lib/active_support/notifications/instrumenter.rb:24:in `instrument'
activesupport (6.1.4.1) lib/active_support/notifications.rb:203:in `instrument'
actionpack (6.1.4.1) lib/action_controller/metal/instrumentation.rb:33:in `process_action'
actionpack (6.1.4.1) lib/action_controller/metal/params_wrapper.rb:249:in `process_action'
activerecord (6.1.4.1) lib/active_record/railties/controller_runtime.rb:27:in `process_action'
actionpack (6.1.4.1) lib/abstract_controller/base.rb:165:in `process'
actionview (6.1.4.1) lib/action_view/rendering.rb:39:in `process'
actionpack (6.1.4.1) lib/action_controller/metal.rb:190:in `dispatch'
actionpack (6.1.4.1) lib/action_controller/metal.rb:254:in `dispatch'
actionpack (6.1.4.1) lib/action_dispatch/routing/route_set.rb:50:in `dispatch'
actionpack (6.1.4.1) lib/action_dispatch/routing/route_set.rb:33:in `serve'
actionpack (6.1.4.1) lib/action_dispatch/journey/router.rb:50:in `block in serve'
actionpack (6.1.4.1) lib/action_dispatch/journey/router.rb:32:in `each'
actionpack (6.1.4.1) lib/action_dispatch/journey/router.rb:32:in `serve'
actionpack (6.1.4.1) lib/action_dispatch/routing/route_set.rb:842:in `call'
rack (2.2.3) lib/rack/tempfile_reaper.rb:15:in `call'
rack (2.2.3) lib/rack/etag.rb:27:in `call'
rack (2.2.3) lib/rack/conditional_get.rb:40:in `call'
rack (2.2.3) lib/rack/head.rb:12:in `call'
actionpack (6.1.4.1) lib/action_dispatch/http/permissions_policy.rb:22:in `call'
actionpack (6.1.4.1) lib/action_dispatch/http/content_security_policy.rb:18:in `call'
rack (2.2.3) lib/rack/session/abstract/id.rb:266:in `context'
rack (2.2.3) lib/rack/session/abstract/id.rb:260:in `call'
actionpack (6.1.4.1) lib/action_dispatch/middleware/cookies.rb:689:in `call'
activerecord (6.1.4.1) lib/active_record/migration.rb:601:in `call'
actionpack (6.1.4.1) lib/action_dispatch/middleware/callbacks.rb:27:in `block in call'
activesupport (6.1.4.1) lib/active_support/callbacks.rb:98:in `run_callbacks'
actionpack (6.1.4.1) lib/action_dispatch/middleware/callbacks.rb:26:in `call'
actionpack (6.1.4.1) lib/action_dispatch/middleware/executor.rb:14:in `call'
actionpack (6.1.4.1) lib/action_dispatch/middleware/actionable_exceptions.rb:18:in `call'
actionpack (6.1.4.1) lib/action_dispatch/middleware/debug_exceptions.rb:29:in `call'
web-console (4.1.0) lib/web_console/middleware.rb:132:in `call_app'
web-console (4.1.0) lib/web_console/middleware.rb:28:in `block in call'
web-console (4.1.0) lib/web_console/middleware.rb:17:in `catch'
web-console (4.1.0) lib/web_console/middleware.rb:17:in `call'
actionpack (6.1.4.1) lib/action_dispatch/middleware/show_exceptions.rb:33:in `call'
railties (6.1.4.1) lib/rails/rack/logger.rb:37:in `call_app'
railties (6.1.4.1) lib/rails/rack/logger.rb:26:in `block in call'
activesupport (6.1.4.1) lib/active_support/tagged_logging.rb:99:in `block in tagged'
activesupport (6.1.4.1) lib/active_support/tagged_logging.rb:37:in `tagged'
activesupport (6.1.4.1) lib/active_support/tagged_logging.rb:99:in `tagged'
railties (6.1.4.1) lib/rails/rack/logger.rb:26:in `call'
sprockets-rails (3.2.2) lib/sprockets/rails/quiet_assets.rb:13:in `call'
actionpack (6.1.4.1) lib/action_dispatch/middleware/remote_ip.rb:81:in `call'
actionpack (6.1.4.1) lib/action_dispatch/middleware/request_id.rb:26:in `call'
rack (2.2.3) lib/rack/method_override.rb:24:in `call'
rack (2.2.3) lib/rack/runtime.rb:22:in `call'
activesupport (6.1.4.1) lib/active_support/cache/strategy/local_cache_middleware.rb:29:in `call'
actionpack (6.1.4.1) lib/action_dispatch/middleware/executor.rb:14:in `call'
actionpack (6.1.4.1) lib/action_dispatch/middleware/static.rb:24:in `call'
rack (2.2.3) lib/rack/sendfile.rb:110:in `call'
actionpack (6.1.4.1) lib/action_dispatch/middleware/host_authorization.rb:98:in `call'
rack-mini-profiler (2.3.3) lib/mini_profiler/profiler.rb:393:in `call'
webpacker (5.4.3) lib/webpacker/dev_server_proxy.rb:25:in `perform_request'
rack-proxy (0.7.0) lib/rack/proxy.rb:63:in `call'
railties (6.1.4.1) lib/rails/engine.rb:539:in `call'
puma (5.5.0) lib/puma/configuration.rb:249:in `call'
puma (5.5.0) lib/puma/request.rb:77:in `block in handle_request'
puma (5.5.0) lib/puma/thread_pool.rb:340:in `with_force_shutdown'
puma (5.5.0) lib/puma/request.rb:76:in `handle_request'
puma (5.5.0) lib/puma/server.rb:447:in `process_client'
puma (5.5.0) lib/puma/thread_pool.rb:147:in `block in spawn_thread'
Started GET "/" for ::1 at 2021-09-20 18:15:41 +0200
Processing by StaticPagesController#root as HTML
  Rendering layout layouts/application.html.erb
  Rendering static_pages/root.html.erb within layouts/application
  Rendered static_pages/root.html.erb within layouts/application (Duration: 0.6ms | Allocations: 310)
[Webpacker] Everything's up-to-date. Nothing to do
  Rendered layout layouts/application.html.erb (Duration: 6.4ms | Allocations: 3889)
Completed 200 OK in 9ms (Views: 8.1ms | Allocations: 4867)


Started GET "/" for ::1 at 2021-09-20 18:15:47 +0200
  [1m[35m (1.3ms)[0m  [1m[34mSELECT sqlite_version(*)[0m
  [1m[35m (0.2ms)[0m  [1m[34mSELECT "schema_migrations"."version" FROM "schema_migrations" ORDER BY "schema_migrations"."version" ASC[0m
Processing by StaticPagesController#root as HTML
  Rendering layout layouts/application.html.erb
  Rendering static_pages/root.html.erb within layouts/application
  Rendered static_pages/root.html.erb within layouts/application (Duration: 4.1ms | Allocations: 467)
[Webpacker] Everything's up-to-date. Nothing to do
  Rendered layout layouts/application.html.erb (Duration: 22.0ms | Allocations: 5568)
Completed 200 OK in 34ms (Views: 27.5ms | ActiveRecord: 0.0ms | Allocations: 8008)


Started POST "/sponsorships" for ::1 at 2021-09-20 18:15:50 +0200
Processing by SponsorshipsController#create as */*
  Parameters: {"authenticiy_token"=>"[FILTERED]", "sponsorship_order"=>{"status"=>"paid", "paid_at"=>1632066571, "stripe_id"=>"pi_123"}, "sponsorship"=>{"authenticiy_token"=>"[FILTERED]", "sponsorship_order"=>{"status"=>"paid", "paid_at"=>1632066571, "stripe_id"=>"pi_123"}}}
Can't verify CSRF token authenticity.
Completed 422 Unprocessable Entity in 1ms (ActiveRecord: 0.0ms | Allocations: 429)


  
ActionController::InvalidAuthenticityToken (ActionController::InvalidAuthenticityToken):
  
actionpack (6.1.4.1) lib/action_controller/metal/request_forgery_protection.rb:211:in `handle_unverified_request'
actionpack (6.1.4.1) lib/action_controller/metal/request_forgery_protection.rb:243:in `handle_unverified_request'
actionpack (6.1.4.1) lib/action_controller/metal/request_forgery_protection.rb:238:in `verify_authenticity_token'
activesupport (6.1.4.1) lib/active_support/callbacks.rb:427:in `block in make_lambda'
activesupport (6.1.4.1) lib/active_support/callbacks.rb:198:in `block (2 levels) in halting'
actionpack (6.1.4.1) lib/abstract_controller/callbacks.rb:34:in `block (2 levels) in <module:Callbacks>'
activesupport (6.1.4.1) lib/active_support/callbacks.rb:199:in `block in halting'
activesupport (6.1.4.1) lib/active_support/callbacks.rb:512:in `block in invoke_before'
activesupport (6.1.4.1) lib/active_support/callbacks.rb:512:in `each'
activesupport (6.1.4.1) lib/active_support/callbacks.rb:512:in `invoke_before'
activesupport (6.1.4.1) lib/active_support/callbacks.rb:115:in `block in run_callbacks'
activesupport (6.1.4.1) lib/active_support/callbacks.rb:137:in `run_callbacks'
actionpack (6.1.4.1) lib/abstract_controller/callbacks.rb:41:in `process_action'
actionpack (6.1.4.1) lib/action_controller/metal/rescue.rb:22:in `process_action'
actionpack (6.1.4.1) lib/action_controller/metal/instrumentation.rb:34:in `block in process_action'
activesupport (6.1.4.1) lib/active_support/notifications.rb:203:in `block in instrument'
activesupport (6.1.4.1) lib/active_support/notifications/instrumenter.rb:24:in `instrument'
activesupport (6.1.4.1) lib/active_support/notifications.rb:203:in `instrument'
actionpack (6.1.4.1) lib/action_controller/metal/instrumentation.rb:33:in `process_action'
actionpack (6.1.4.1) lib/action_controller/metal/params_wrapper.rb:249:in `process_action'
activerecord (6.1.4.1) lib/active_record/railties/controller_runtime.rb:27:in `process_action'
actionpack (6.1.4.1) lib/abstract_controller/base.rb:165:in `process'
actionview (6.1.4.1) lib/action_view/rendering.rb:39:in `process'
actionpack (6.1.4.1) lib/action_controller/metal.rb:190:in `dispatch'
actionpack (6.1.4.1) lib/action_controller/metal.rb:254:in `dispatch'
actionpack (6.1.4.1) lib/action_dispatch/routing/route_set.rb:50:in `dispatch'
actionpack (6.1.4.1) lib/action_dispatch/routing/route_set.rb:33:in `serve'
actionpack (6.1.4.1) lib/action_dispatch/journey/router.rb:50:in `block in serve'
actionpack (6.1.4.1) lib/action_dispatch/journey/router.rb:32:in `each'
actionpack (6.1.4.1) lib/action_dispatch/journey/router.rb:32:in `serve'
actionpack (6.1.4.1) lib/action_dispatch/routing/route_set.rb:842:in `call'
rack (2.2.3) lib/rack/tempfile_reaper.rb:15:in `call'
rack (2.2.3) lib/rack/etag.rb:27:in `call'
rack (2.2.3) lib/rack/conditional_get.rb:40:in `call'
rack (2.2.3) lib/rack/head.rb:12:in `call'
actionpack (6.1.4.1) lib/action_dispatch/http/permissions_policy.rb:22:in `call'
actionpack (6.1.4.1) lib/action_dispatch/http/content_security_policy.rb:18:in `call'
rack (2.2.3) lib/rack/session/abstract/id.rb:266:in `context'
rack (2.2.3) lib/rack/session/abstract/id.rb:260:in `call'
actionpack (6.1.4.1) lib/action_dispatch/middleware/cookies.rb:689:in `call'
activerecord (6.1.4.1) lib/active_record/migration.rb:601:in `call'
actionpack (6.1.4.1) lib/action_dispatch/middleware/callbacks.rb:27:in `block in call'
activesupport (6.1.4.1) lib/active_support/callbacks.rb:98:in `run_callbacks'
actionpack (6.1.4.1) lib/action_dispatch/middleware/callbacks.rb:26:in `call'
actionpack (6.1.4.1) lib/action_dispatch/middleware/executor.rb:14:in `call'
actionpack (6.1.4.1) lib/action_dispatch/middleware/actionable_exceptions.rb:18:in `call'
actionpack (6.1.4.1) lib/action_dispatch/middleware/debug_exceptions.rb:29:in `call'
web-console (4.1.0) lib/web_console/middleware.rb:132:in `call_app'
web-console (4.1.0) lib/web_console/middleware.rb:28:in `block in call'
web-console (4.1.0) lib/web_console/middleware.rb:17:in `catch'
web-console (4.1.0) lib/web_console/middleware.rb:17:in `call'
actionpack (6.1.4.1) lib/action_dispatch/middleware/show_exceptions.rb:33:in `call'
railties (6.1.4.1) lib/rails/rack/logger.rb:37:in `call_app'
railties (6.1.4.1) lib/rails/rack/logger.rb:26:in `block in call'
activesupport (6.1.4.1) lib/active_support/tagged_logging.rb:99:in `block in tagged'
activesupport (6.1.4.1) lib/active_support/tagged_logging.rb:37:in `tagged'
activesupport (6.1.4.1) lib/active_support/tagged_logging.rb:99:in `tagged'
railties (6.1.4.1) lib/rails/rack/logger.rb:26:in `call'
sprockets-rails (3.2.2) lib/sprockets/rails/quiet_assets.rb:13:in `call'
actionpack (6.1.4.1) lib/action_dispatch/middleware/remote_ip.rb:81:in `call'
actionpack (6.1.4.1) lib/action_dispatch/middleware/request_id.rb:26:in `call'
rack (2.2.3) lib/rack/method_override.rb:24:in `call'
rack (2.2.3) lib/rack/runtime.rb:22:in `call'
activesupport (6.1.4.1) lib/active_support/cache/strategy/local_cache_middleware.rb:29:in `call'
actionpack (6.1.4.1) lib/action_dispatch/middleware/executor.rb:14:in `call'
actionpack (6.1.4.1) lib/action_dispatch/middleware/static.rb:24:in `call'
rack (2.2.3) lib/rack/sendfile.rb:110:in `call'
actionpack (6.1.4.1) lib/action_dispatch/middleware/host_authorization.rb:98:in `call'
rack-mini-profiler (2.3.3) lib/mini_profiler/profiler.rb:393:in `call'
webpacker (5.4.3) lib/webpacker/dev_server_proxy.rb:25:in `perform_request'
rack-proxy (0.7.0) lib/rack/proxy.rb:63:in `call'
railties (6.1.4.1) lib/rails/engine.rb:539:in `call'
puma (5.5.0) lib/puma/configuration.rb:249:in `call'
puma (5.5.0) lib/puma/request.rb:77:in `block in handle_request'
puma (5.5.0) lib/puma/thread_pool.rb:340:in `with_force_shutdown'
puma (5.5.0) lib/puma/request.rb:76:in `handle_request'
puma (5.5.0) lib/puma/server.rb:447:in `process_client'
puma (5.5.0) lib/puma/thread_pool.rb:147:in `block in spawn_thread'
Started GET "/" for ::1 at 2021-09-20 18:17:13 +0200
Processing by StaticPagesController#root as HTML
  Rendering layout layouts/application.html.erb
  Rendering static_pages/root.html.erb within layouts/application
  Rendered static_pages/root.html.erb within layouts/application (Duration: 0.3ms | Allocations: 180)
[Webpacker] Everything's up-to-date. Nothing to do
  Rendered layout layouts/application.html.erb (Duration: 4.4ms | Allocations: 3731)
Completed 200 OK in 5ms (Views: 4.8ms | ActiveRecord: 0.0ms | Allocations: 4065)


Started POST "/sponsorships" for ::1 at 2021-09-20 18:17:19 +0200
Processing by SponsorshipsController#create as */*
  Parameters: {"authenticiy_token"=>"[FILTERED]", "sponsorship_order"=>{"status"=>"paid", "paid_at"=>1632066571, "stripe_id"=>"pi_123"}, "sponsorship"=>{"authenticiy_token"=>"[FILTERED]", "sponsorship_order"=>{"status"=>"paid", "paid_at"=>1632066571, "stripe_id"=>"pi_123"}}}
Can't verify CSRF token authenticity.
Completed 422 Unprocessable Entity in 1ms (ActiveRecord: 0.0ms | Allocations: 477)


  
ActionController::InvalidAuthenticityToken (ActionController::InvalidAuthenticityToken):
  
actionpack (6.1.4.1) lib/action_controller/metal/request_forgery_protection.rb:211:in `handle_unverified_request'
actionpack (6.1.4.1) lib/action_controller/metal/request_forgery_protection.rb:243:in `handle_unverified_request'
actionpack (6.1.4.1) lib/action_controller/metal/request_forgery_protection.rb:238:in `verify_authenticity_token'
activesupport (6.1.4.1) lib/active_support/callbacks.rb:427:in `block in make_lambda'
activesupport (6.1.4.1) lib/active_support/callbacks.rb:198:in `block (2 levels) in halting'
actionpack (6.1.4.1) lib/abstract_controller/callbacks.rb:34:in `block (2 levels) in <module:Callbacks>'
activesupport (6.1.4.1) lib/active_support/callbacks.rb:199:in `block in halting'
activesupport (6.1.4.1) lib/active_support/callbacks.rb:512:in `block in invoke_before'
activesupport (6.1.4.1) lib/active_support/callbacks.rb:512:in `each'
activesupport (6.1.4.1) lib/active_support/callbacks.rb:512:in `invoke_before'
activesupport (6.1.4.1) lib/active_support/callbacks.rb:115:in `block in run_callbacks'
activesupport (6.1.4.1) lib/active_support/callbacks.rb:137:in `run_callbacks'
actionpack (6.1.4.1) lib/abstract_controller/callbacks.rb:41:in `process_action'
actionpack (6.1.4.1) lib/action_controller/metal/rescue.rb:22:in `process_action'
actionpack (6.1.4.1) lib/action_controller/metal/instrumentation.rb:34:in `block in process_action'
activesupport (6.1.4.1) lib/active_support/notifications.rb:203:in `block in instrument'
activesupport (6.1.4.1) lib/active_support/notifications/instrumenter.rb:24:in `instrument'
activesupport (6.1.4.1) lib/active_support/notifications.rb:203:in `instrument'
actionpack (6.1.4.1) lib/action_controller/metal/instrumentation.rb:33:in `process_action'
actionpack (6.1.4.1) lib/action_controller/metal/params_wrapper.rb:249:in `process_action'
activerecord (6.1.4.1) lib/active_record/railties/controller_runtime.rb:27:in `process_action'
actionpack (6.1.4.1) lib/abstract_controller/base.rb:165:in `process'
actionview (6.1.4.1) lib/action_view/rendering.rb:39:in `process'
actionpack (6.1.4.1) lib/action_controller/metal.rb:190:in `dispatch'
actionpack (6.1.4.1) lib/action_controller/metal.rb:254:in `dispatch'
actionpack (6.1.4.1) lib/action_dispatch/routing/route_set.rb:50:in `dispatch'
actionpack (6.1.4.1) lib/action_dispatch/routing/route_set.rb:33:in `serve'
actionpack (6.1.4.1) lib/action_dispatch/journey/router.rb:50:in `block in serve'
actionpack (6.1.4.1) lib/action_dispatch/journey/router.rb:32:in `each'
actionpack (6.1.4.1) lib/action_dispatch/journey/router.rb:32:in `serve'
actionpack (6.1.4.1) lib/action_dispatch/routing/route_set.rb:842:in `call'
rack (2.2.3) lib/rack/tempfile_reaper.rb:15:in `call'
rack (2.2.3) lib/rack/etag.rb:27:in `call'
rack (2.2.3) lib/rack/conditional_get.rb:40:in `call'
rack (2.2.3) lib/rack/head.rb:12:in `call'
actionpack (6.1.4.1) lib/action_dispatch/http/permissions_policy.rb:22:in `call'
actionpack (6.1.4.1) lib/action_dispatch/http/content_security_policy.rb:18:in `call'
rack (2.2.3) lib/rack/session/abstract/id.rb:266:in `context'
rack (2.2.3) lib/rack/session/abstract/id.rb:260:in `call'
actionpack (6.1.4.1) lib/action_dispatch/middleware/cookies.rb:689:in `call'
activerecord (6.1.4.1) lib/active_record/migration.rb:601:in `call'
actionpack (6.1.4.1) lib/action_dispatch/middleware/callbacks.rb:27:in `block in call'
activesupport (6.1.4.1) lib/active_support/callbacks.rb:98:in `run_callbacks'
actionpack (6.1.4.1) lib/action_dispatch/middleware/callbacks.rb:26:in `call'
actionpack (6.1.4.1) lib/action_dispatch/middleware/executor.rb:14:in `call'
actionpack (6.1.4.1) lib/action_dispatch/middleware/actionable_exceptions.rb:18:in `call'
actionpack (6.1.4.1) lib/action_dispatch/middleware/debug_exceptions.rb:29:in `call'
web-console (4.1.0) lib/web_console/middleware.rb:132:in `call_app'
web-console (4.1.0) lib/web_console/middleware.rb:28:in `block in call'
web-console (4.1.0) lib/web_console/middleware.rb:17:in `catch'
web-console (4.1.0) lib/web_console/middleware.rb:17:in `call'
actionpack (6.1.4.1) lib/action_dispatch/middleware/show_exceptions.rb:33:in `call'
railties (6.1.4.1) lib/rails/rack/logger.rb:37:in `call_app'
railties (6.1.4.1) lib/rails/rack/logger.rb:26:in `block in call'
activesupport (6.1.4.1) lib/active_support/tagged_logging.rb:99:in `block in tagged'
activesupport (6.1.4.1) lib/active_support/tagged_logging.rb:37:in `tagged'
activesupport (6.1.4.1) lib/active_support/tagged_logging.rb:99:in `tagged'
railties (6.1.4.1) lib/rails/rack/logger.rb:26:in `call'
sprockets-rails (3.2.2) lib/sprockets/rails/quiet_assets.rb:13:in `call'
actionpack (6.1.4.1) lib/action_dispatch/middleware/remote_ip.rb:81:in `call'
actionpack (6.1.4.1) lib/action_dispatch/middleware/request_id.rb:26:in `call'
rack (2.2.3) lib/rack/method_override.rb:24:in `call'
rack (2.2.3) lib/rack/runtime.rb:22:in `call'
activesupport (6.1.4.1) lib/active_support/cache/strategy/local_cache_middleware.rb:29:in `call'
actionpack (6.1.4.1) lib/action_dispatch/middleware/executor.rb:14:in `call'
actionpack (6.1.4.1) lib/action_dispatch/middleware/static.rb:24:in `call'
rack (2.2.3) lib/rack/sendfile.rb:110:in `call'
actionpack (6.1.4.1) lib/action_dispatch/middleware/host_authorization.rb:98:in `call'
rack-mini-profiler (2.3.3) lib/mini_profiler/profiler.rb:393:in `call'
webpacker (5.4.3) lib/webpacker/dev_server_proxy.rb:25:in `perform_request'
rack-proxy (0.7.0) lib/rack/proxy.rb:63:in `call'
railties (6.1.4.1) lib/rails/engine.rb:539:in `call'
puma (5.5.0) lib/puma/configuration.rb:249:in `call'
puma (5.5.0) lib/puma/request.rb:77:in `block in handle_request'
puma (5.5.0) lib/puma/thread_pool.rb:340:in `with_force_shutdown'
puma (5.5.0) lib/puma/request.rb:76:in `handle_request'
puma (5.5.0) lib/puma/server.rb:447:in `process_client'
puma (5.5.0) lib/puma/thread_pool.rb:147:in `block in spawn_thread'
Started GET "/" for ::1 at 2021-09-20 18:21:23 +0200
Processing by StaticPagesController#root as HTML
  Rendering layout layouts/application.html.erb
  Rendering static_pages/root.html.erb within layouts/application
  Rendered static_pages/root.html.erb within layouts/application (Duration: 0.4ms | Allocations: 168)
[Webpacker] Everything's up-to-date. Nothing to do
  Rendered layout layouts/application.html.erb (Duration: 12.7ms | Allocations: 3597)
Completed 200 OK in 14ms (Views: 13.2ms | ActiveRecord: 0.0ms | Allocations: 3859)


Started GET "/" for ::1 at 2021-09-20 18:21:28 +0200
Processing by StaticPagesController#root as HTML
  Rendering layout layouts/application.html.erb
  Rendering static_pages/root.html.erb within layouts/application
  Rendered static_pages/root.html.erb within layouts/application (Duration: 0.4ms | Allocations: 168)
[Webpacker] Everything's up-to-date. Nothing to do
  Rendered layout layouts/application.html.erb (Duration: 7.4ms | Allocations: 3591)
Completed 200 OK in 8ms (Views: 8.0ms | ActiveRecord: 0.0ms | Allocations: 3847)


Started POST "/sponsorships" for ::1 at 2021-09-20 18:21:36 +0200
Processing by SponsorshipsController#create as */*
  Parameters: {"authenticiy_token"=>"[FILTERED]", "sponsorship_order"=>{"status"=>"paid", "paid_at"=>1632066571, "stripe_id"=>"pi_123"}, "sponsorship"=>{"authenticiy_token"=>"[FILTERED]", "sponsorship_order"=>{"status"=>"paid", "paid_at"=>1632066571, "stripe_id"=>"pi_123"}}}
Can't verify CSRF token authenticity.
Completed 422 Unprocessable Entity in 1ms (ActiveRecord: 0.0ms | Allocations: 458)


  
ActionController::InvalidAuthenticityToken (ActionController::InvalidAuthenticityToken):
  
actionpack (6.1.4.1) lib/action_controller/metal/request_forgery_protection.rb:211:in `handle_unverified_request'
actionpack (6.1.4.1) lib/action_controller/metal/request_forgery_protection.rb:243:in `handle_unverified_request'
actionpack (6.1.4.1) lib/action_controller/metal/request_forgery_protection.rb:238:in `verify_authenticity_token'
activesupport (6.1.4.1) lib/active_support/callbacks.rb:427:in `block in make_lambda'
activesupport (6.1.4.1) lib/active_support/callbacks.rb:198:in `block (2 levels) in halting'
actionpack (6.1.4.1) lib/abstract_controller/callbacks.rb:34:in `block (2 levels) in <module:Callbacks>'
activesupport (6.1.4.1) lib/active_support/callbacks.rb:199:in `block in halting'
activesupport (6.1.4.1) lib/active_support/callbacks.rb:512:in `block in invoke_before'
activesupport (6.1.4.1) lib/active_support/callbacks.rb:512:in `each'
activesupport (6.1.4.1) lib/active_support/callbacks.rb:512:in `invoke_before'
activesupport (6.1.4.1) lib/active_support/callbacks.rb:115:in `block in run_callbacks'
activesupport (6.1.4.1) lib/active_support/callbacks.rb:137:in `run_callbacks'
actionpack (6.1.4.1) lib/abstract_controller/callbacks.rb:41:in `process_action'
actionpack (6.1.4.1) lib/action_controller/metal/rescue.rb:22:in `process_action'
actionpack (6.1.4.1) lib/action_controller/metal/instrumentation.rb:34:in `block in process_action'
activesupport (6.1.4.1) lib/active_support/notifications.rb:203:in `block in instrument'
activesupport (6.1.4.1) lib/active_support/notifications/instrumenter.rb:24:in `instrument'
activesupport (6.1.4.1) lib/active_support/notifications.rb:203:in `instrument'
actionpack (6.1.4.1) lib/action_controller/metal/instrumentation.rb:33:in `process_action'
actionpack (6.1.4.1) lib/action_controller/metal/params_wrapper.rb:249:in `process_action'
activerecord (6.1.4.1) lib/active_record/railties/controller_runtime.rb:27:in `process_action'
actionpack (6.1.4.1) lib/abstract_controller/base.rb:165:in `process'
actionview (6.1.4.1) lib/action_view/rendering.rb:39:in `process'
actionpack (6.1.4.1) lib/action_controller/metal.rb:190:in `dispatch'
actionpack (6.1.4.1) lib/action_controller/metal.rb:254:in `dispatch'
actionpack (6.1.4.1) lib/action_dispatch/routing/route_set.rb:50:in `dispatch'
actionpack (6.1.4.1) lib/action_dispatch/routing/route_set.rb:33:in `serve'
actionpack (6.1.4.1) lib/action_dispatch/journey/router.rb:50:in `block in serve'
actionpack (6.1.4.1) lib/action_dispatch/journey/router.rb:32:in `each'
actionpack (6.1.4.1) lib/action_dispatch/journey/router.rb:32:in `serve'
actionpack (6.1.4.1) lib/action_dispatch/routing/route_set.rb:842:in `call'
rack (2.2.3) lib/rack/tempfile_reaper.rb:15:in `call'
rack (2.2.3) lib/rack/etag.rb:27:in `call'
rack (2.2.3) lib/rack/conditional_get.rb:40:in `call'
rack (2.2.3) lib/rack/head.rb:12:in `call'
actionpack (6.1.4.1) lib/action_dispatch/http/permissions_policy.rb:22:in `call'
actionpack (6.1.4.1) lib/action_dispatch/http/content_security_policy.rb:18:in `call'
rack (2.2.3) lib/rack/session/abstract/id.rb:266:in `context'
rack (2.2.3) lib/rack/session/abstract/id.rb:260:in `call'
actionpack (6.1.4.1) lib/action_dispatch/middleware/cookies.rb:689:in `call'
activerecord (6.1.4.1) lib/active_record/migration.rb:601:in `call'
actionpack (6.1.4.1) lib/action_dispatch/middleware/callbacks.rb:27:in `block in call'
activesupport (6.1.4.1) lib/active_support/callbacks.rb:98:in `run_callbacks'
actionpack (6.1.4.1) lib/action_dispatch/middleware/callbacks.rb:26:in `call'
actionpack (6.1.4.1) lib/action_dispatch/middleware/executor.rb:14:in `call'
actionpack (6.1.4.1) lib/action_dispatch/middleware/actionable_exceptions.rb:18:in `call'
actionpack (6.1.4.1) lib/action_dispatch/middleware/debug_exceptions.rb:29:in `call'
web-console (4.1.0) lib/web_console/middleware.rb:132:in `call_app'
web-console (4.1.0) lib/web_console/middleware.rb:28:in `block in call'
web-console (4.1.0) lib/web_console/middleware.rb:17:in `catch'
web-console (4.1.0) lib/web_console/middleware.rb:17:in `call'
actionpack (6.1.4.1) lib/action_dispatch/middleware/show_exceptions.rb:33:in `call'
railties (6.1.4.1) lib/rails/rack/logger.rb:37:in `call_app'
railties (6.1.4.1) lib/rails/rack/logger.rb:26:in `block in call'
activesupport (6.1.4.1) lib/active_support/tagged_logging.rb:99:in `block in tagged'
activesupport (6.1.4.1) lib/active_support/tagged_logging.rb:37:in `tagged'
activesupport (6.1.4.1) lib/active_support/tagged_logging.rb:99:in `tagged'
railties (6.1.4.1) lib/rails/rack/logger.rb:26:in `call'
sprockets-rails (3.2.2) lib/sprockets/rails/quiet_assets.rb:13:in `call'
actionpack (6.1.4.1) lib/action_dispatch/middleware/remote_ip.rb:81:in `call'
actionpack (6.1.4.1) lib/action_dispatch/middleware/request_id.rb:26:in `call'
rack (2.2.3) lib/rack/method_override.rb:24:in `call'
rack (2.2.3) lib/rack/runtime.rb:22:in `call'
activesupport (6.1.4.1) lib/active_support/cache/strategy/local_cache_middleware.rb:29:in `call'
actionpack (6.1.4.1) lib/action_dispatch/middleware/executor.rb:14:in `call'
actionpack (6.1.4.1) lib/action_dispatch/middleware/static.rb:24:in `call'
rack (2.2.3) lib/rack/sendfile.rb:110:in `call'
actionpack (6.1.4.1) lib/action_dispatch/middleware/host_authorization.rb:98:in `call'
rack-mini-profiler (2.3.3) lib/mini_profiler/profiler.rb:393:in `call'
webpacker (5.4.3) lib/webpacker/dev_server_proxy.rb:25:in `perform_request'
rack-proxy (0.7.0) lib/rack/proxy.rb:63:in `call'
railties (6.1.4.1) lib/rails/engine.rb:539:in `call'
puma (5.5.0) lib/puma/configuration.rb:249:in `call'
puma (5.5.0) lib/puma/request.rb:77:in `block in handle_request'
puma (5.5.0) lib/puma/thread_pool.rb:340:in `with_force_shutdown'
puma (5.5.0) lib/puma/request.rb:76:in `handle_request'
puma (5.5.0) lib/puma/server.rb:447:in `process_client'
puma (5.5.0) lib/puma/thread_pool.rb:147:in `block in spawn_thread'
Started GET "/" for ::1 at 2021-09-20 18:25:33 +0200
  [1m[35m (1.0ms)[0m  [1m[34mSELECT sqlite_version(*)[0m
  [1m[35m (0.2ms)[0m  [1m[34mSELECT "schema_migrations"."version" FROM "schema_migrations" ORDER BY "schema_migrations"."version" ASC[0m
Processing by StaticPagesController#root as HTML
  Rendering layout layouts/application.html.erb
  Rendering static_pages/root.html.erb within layouts/application
  Rendered static_pages/root.html.erb within layouts/application (Duration: 3.6ms | Allocations: 503)
[Webpacker] Everything's up-to-date. Nothing to do
  Rendered layout layouts/application.html.erb (Duration: 20.8ms | Allocations: 5604)
Completed 200 OK in 33ms (Views: 25.6ms | ActiveRecord: 0.0ms | Allocations: 8044)


Started POST "/sponsorships" for ::1 at 2021-09-20 18:25:36 +0200
Processing by SponsorshipsController#create as */*
  Parameters: {"authenticiy_token"=>"[FILTERED]", "sponsorship_order"=>{"status"=>"paid", "paid_at"=>1632066571, "stripe_id"=>"pi_123"}, "sponsorship"=>{"authenticiy_token"=>"[FILTERED]", "sponsorship_order"=>{"status"=>"paid", "paid_at"=>1632066571, "stripe_id"=>"pi_123"}}}
  [1m[36mTRANSACTION (0.1ms)[0m  [1m[36mbegin transaction[0m
  â†³ app/controllers/sponsorships_controller.rb:15:in `create'
  [1m[36mSponsorshipOrder Create (2.2ms)[0m  [1m[32mINSERT INTO "sponsorship_orders" ("stripe_id", "status", "created_at", "updated_at") VALUES (?, ?, ?, ?)[0m  [["stripe_id", "pi_123"], ["status", "paid"], ["created_at", "2021-09-20 16:25:36.252995"], ["updated_at", "2021-09-20 16:25:36.252995"]]
  â†³ app/controllers/sponsorships_controller.rb:15:in `create'
  [1m[36mTRANSACTION (1.2ms)[0m  [1m[36mcommit transaction[0m
  â†³ app/controllers/sponsorships_controller.rb:15:in `create'
Completed 200 OK in 18ms (Views: 0.4ms | ActiveRecord: 4.2ms | Allocations: 6183)


Started GET "/" for ::1 at 2021-09-21 19:15:54 +0200
  [1m[35m (0.1ms)[0m  [1m[34mSELECT sqlite_version(*)[0m
  [1m[35m (0.8ms)[0m  [1m[34mSELECT "schema_migrations"."version" FROM "schema_migrations" ORDER BY "schema_migrations"."version" ASC[0m
Processing by StaticPagesController#root as HTML
  Rendering layout layouts/application.html.erb
  Rendering static_pages/root.html.erb within layouts/application
  Rendered static_pages/root.html.erb within layouts/application (Duration: 5.3ms | Allocations: 350)
[Webpacker] Everything's up-to-date. Nothing to do
  Rendered layout layouts/application.html.erb (Duration: 26.7ms | Allocations: 4126)
Completed 200 OK in 31ms (Views: 28.8ms | ActiveRecord: 0.0ms | Allocations: 5105)


Started POST "/sponsorships" for ::1 at 2021-09-21 19:15:56 +0200
Processing by SponsorshipsController#create as */*
  Parameters: {"authenticiy_token"=>"[FILTERED]", "sponsorship_order"=>{"status"=>"paid", "paid_at"=>1632066571, "stripe_id"=>"pi_123"}, "sponsorship"=>{"authenticiy_token"=>"[FILTERED]", "sponsorship_order"=>{"status"=>"paid", "paid_at"=>1632066571, "stripe_id"=>"pi_123"}}}
  [1m[36mTRANSACTION (0.1ms)[0m  [1m[36mbegin transaction[0m
  â†³ app/controllers/sponsorships_controller.rb:15:in `create'
  [1m[36mSponsorshipOrder Create (2.4ms)[0m  [1m[32mINSERT INTO "sponsorship_orders" ("stripe_id", "status", "created_at", "updated_at") VALUES (?, ?, ?, ?)[0m  [["stripe_id", "pi_123"], ["status", "paid"], ["created_at", "2021-09-21 17:15:56.414167"], ["updated_at", "2021-09-21 17:15:56.414167"]]
  â†³ app/controllers/sponsorships_controller.rb:15:in `create'
  [1m[36mTRANSACTION (0.1ms)[0m  [1m[31mrollback transaction[0m
  â†³ app/controllers/sponsorships_controller.rb:15:in `create'
Completed 500 Internal Server Error in 24ms (ActiveRecord: 2.6ms | Allocations: 5919)


  
ActiveRecord::RecordNotUnique (SQLite3::ConstraintException: UNIQUE constraint failed: sponsorship_orders.stripe_id):
  
app/controllers/sponsorships_controller.rb:15:in `create'
Started GET "/" for ::1 at 2021-09-21 19:16:29 +0200
  [1m[35m (1.4ms)[0m  [1m[34mSELECT sqlite_version(*)[0m
  [1m[35m (0.6ms)[0m  [1m[34mSELECT "schema_migrations"."version" FROM "schema_migrations" ORDER BY "schema_migrations"."version" ASC[0m
Processing by StaticPagesController#root as HTML
  Rendering layout layouts/application.html.erb
  Rendering static_pages/root.html.erb within layouts/application
  Rendered static_pages/root.html.erb within layouts/application (Duration: 5.8ms | Allocations: 503)
[Webpacker] Everything's up-to-date. Nothing to do
  Rendered layout layouts/application.html.erb (Duration: 51.7ms | Allocations: 5798)
Completed 200 OK in 65ms (Views: 56.9ms | ActiveRecord: 0.0ms | Allocations: 8238)


Started POST "/sponsorships" for ::1 at 2021-09-21 19:16:32 +0200
Processing by SponsorshipsController#create as */*
  Parameters: {"authenticiy_token"=>"[FILTERED]", "sponsorship_order"=>{"status"=>"paid", "paid_at"=>1632066571, "stripe_id"=>"pi_123"}, "sponsorship"=>{"authenticiy_token"=>"[FILTERED]", "sponsorship_order"=>{"status"=>"paid", "paid_at"=>1632066571, "stripe_id"=>"pi_123"}}}
  [1m[36mTRANSACTION (0.1ms)[0m  [1m[36mbegin transaction[0m
  â†³ app/controllers/sponsorships_controller.rb:15:in `create'
  [1m[36mSponsorshipOrder Create (1.8ms)[0m  [1m[32mINSERT INTO "sponsorship_orders" ("stripe_id", "status", "created_at", "updated_at") VALUES (?, ?, ?, ?)[0m  [["stripe_id", "pi_123"], ["status", "paid"], ["created_at", "2021-09-21 17:16:32.361421"], ["updated_at", "2021-09-21 17:16:32.361421"]]
  â†³ app/controllers/sponsorships_controller.rb:15:in `create'
  [1m[36mTRANSACTION (0.1ms)[0m  [1m[31mrollback transaction[0m
  â†³ app/controllers/sponsorships_controller.rb:15:in `create'
Completed 500 Internal Server Error in 12ms (ActiveRecord: 2.4ms | Allocations: 7060)


  
ActiveRecord::RecordNotUnique (SQLite3::ConstraintException: UNIQUE constraint failed: sponsorship_orders.stripe_id):
  
app/controllers/sponsorships_controller.rb:15:in `create'
  [1m[35m (1.2ms)[0m  [1m[34mSELECT sqlite_version(*)[0m
  [1m[36mSponsorshipOrder Load (0.7ms)[0m  [1m[34mSELECT "sponsorship_orders".* FROM "sponsorship_orders" /* loading for inspect */ LIMIT ?[0m  [["LIMIT", 11]]
Started GET "/sponsorships" for ::1 at 2021-09-21 19:37:30 +0200
Processing by SponsorshipsController#index as HTML
  [1m[35m (0.1ms)[0m  [1m[34mSELECT sqlite_version(*)[0m
  â†³ app/controllers/sponsorships_controller.rb:4:in `index'
  [1m[36mSponsorshipOrder Load (0.3ms)[0m  [1m[34mSELECT "sponsorship_orders".* FROM "sponsorship_orders"[0m
  â†³ app/controllers/sponsorships_controller.rb:4:in `index'
Completed 200 OK in 5ms (Views: 4.3ms | ActiveRecord: 0.6ms | Allocations: 1839)


Started GET "/" for ::1 at 2021-09-22 14:29:31 +0200
  [1m[35m (2.1ms)[0m  [1m[34mSELECT sqlite_version(*)[0m
  [1m[35m (0.6ms)[0m  [1m[34mSELECT "schema_migrations"."version" FROM "schema_migrations" ORDER BY "schema_migrations"."version" ASC[0m
Processing by StaticPagesController#root as HTML
  Rendering layout layouts/application.html.erb
  Rendering static_pages/root.html.erb within layouts/application
  Rendered static_pages/root.html.erb within layouts/application (Duration: 4.9ms | Allocations: 522)
[Webpacker] Everything's up-to-date. Nothing to do
  Rendered layout layouts/application.html.erb (Duration: 33.1ms | Allocations: 5623)
Completed 200 OK in 45ms (Views: 37.9ms | ActiveRecord: 0.0ms | Allocations: 8063)


Started GET "/" for ::1 at 2021-09-22 14:29:31 +0200
Processing by StaticPagesController#root as HTML
  Rendering layout layouts/application.html.erb
  Rendering static_pages/root.html.erb within layouts/application
  Rendered static_pages/root.html.erb within layouts/application (Duration: 0.8ms | Allocations: 187)
[Webpacker] Everything's up-to-date. Nothing to do
  Rendered layout layouts/application.html.erb (Duration: 35.0ms | Allocations: 6182)
Completed 200 OK in 38ms (Views: 37.0ms | ActiveRecord: 0.0ms | Allocations: 6449)


Started GET "/sponsorships" for ::1 at 2021-09-22 14:29:32 +0200
Processing by SponsorshipsController#index as */*
  [1m[36mSponsorshipOrder Load (0.8ms)[0m  [1m[34mSELECT "sponsorship_orders".* FROM "sponsorship_orders"[0m
  â†³ app/controllers/sponsorships_controller.rb:4:in `index'
Completed 200 OK in 12ms (Views: 8.4ms | ActiveRecord: 1.3ms | Allocations: 4564)


Started GET "/" for ::1 at 2021-09-22 16:07:40 +0200
Processing by StaticPagesController#root as HTML
  Rendering layout layouts/application.html.erb
  Rendering static_pages/root.html.erb within layouts/application
  Rendered static_pages/root.html.erb within layouts/application (Duration: 1.5ms | Allocations: 187)
[Webpacker] Everything's up-to-date. Nothing to do
  Rendered layout layouts/application.html.erb (Duration: 16.4ms | Allocations: 3611)
Completed 200 OK in 19ms (Views: 17.9ms | Allocations: 3873)


Started GET "/" for ::1 at 2021-09-22 18:17:58 +0200
Processing by StaticPagesController#root as HTML
  Rendering layout layouts/application.html.erb
  Rendering static_pages/root.html.erb within layouts/application
  Rendered static_pages/root.html.erb within layouts/application (Duration: 2.3ms | Allocations: 187)
[Webpacker] Everything's up-to-date. Nothing to do
  Rendered layout layouts/application.html.erb (Duration: 25.8ms | Allocations: 3609)
Completed 200 OK in 29ms (Views: 27.5ms | Allocations: 3865)


Started GET "/sponsorships" for ::1 at 2021-09-22 18:17:59 +0200
Processing by SponsorshipsController#index as */*
  [1m[35m (0.4ms)[0m  [1m[34mSELECT sqlite_version(*)[0m
  â†³ app/controllers/sponsorships_controller.rb:4:in `index'
  [1m[36mSponsorshipOrder Load (0.7ms)[0m  [1m[34mSELECT "sponsorship_orders".* FROM "sponsorship_orders"[0m
  â†³ app/controllers/sponsorships_controller.rb:4:in `index'
Completed 200 OK in 17ms (Views: 15.8ms | ActiveRecord: 2.6ms | Allocations: 2199)


Started GET "/" for ::1 at 2021-09-22 18:18:19 +0200
Processing by StaticPagesController#root as HTML
  Rendering layout layouts/application.html.erb
  Rendering static_pages/root.html.erb within layouts/application
  Rendered static_pages/root.html.erb within layouts/application (Duration: 1.7ms | Allocations: 370)
[Webpacker] Everything's up-to-date. Nothing to do
  Rendered layout layouts/application.html.erb (Duration: 9.7ms | Allocations: 3960)
Completed 200 OK in 14ms (Views: 12.4ms | ActiveRecord: 0.0ms | Allocations: 4930)


Started GET "/sponsorships" for ::1 at 2021-09-22 18:18:20 +0200
Processing by SponsorshipsController#index as */*
  [1m[36mSponsorshipOrder Load (0.2ms)[0m  [1m[34mSELECT "sponsorship_orders".* FROM "sponsorship_orders"[0m
  â†³ app/controllers/sponsorships_controller.rb:4:in `index'
Completed 200 OK in 3ms (Views: 2.2ms | ActiveRecord: 0.2ms | Allocations: 907)


Started GET "/" for ::1 at 2021-09-22 18:23:41 +0200
Processing by StaticPagesController#root as HTML
  Rendering layout layouts/application.html.erb
  Rendering static_pages/root.html.erb within layouts/application
  Rendered static_pages/root.html.erb within layouts/application (Duration: 0.8ms | Allocations: 365)
[Webpacker] Everything's up-to-date. Nothing to do
  Rendered layout layouts/application.html.erb (Duration: 14.1ms | Allocations: 3957)
Completed 200 OK in 16ms (Views: 15.7ms | Allocations: 4923)


Started GET "/sponsorships" for ::1 at 2021-09-22 18:23:41 +0200
Processing by SponsorshipsController#index as */*
  [1m[35m (0.1ms)[0m  [1m[34mSELECT sqlite_version(*)[0m
  â†³ app/controllers/sponsorships_controller.rb:4:in `index'
  [1m[36mSponsorshipOrder Load (0.8ms)[0m  [1m[34mSELECT "sponsorship_orders".* FROM "sponsorship_orders"[0m
  â†³ app/controllers/sponsorships_controller.rb:4:in `index'
Completed 200 OK in 6ms (Views: 6.1ms | ActiveRecord: 1.2ms | Allocations: 1638)


Started GET "/" for ::1 at 2021-09-22 18:23:56 +0200
Processing by StaticPagesController#root as HTML
  Rendering layout layouts/application.html.erb
  Rendering static_pages/root.html.erb within layouts/application
  Rendered static_pages/root.html.erb within layouts/application (Duration: 0.4ms | Allocations: 187)
[Webpacker] Everything's up-to-date. Nothing to do
  Rendered layout layouts/application.html.erb (Duration: 6.4ms | Allocations: 3611)
Completed 200 OK in 7ms (Views: 7.0ms | ActiveRecord: 0.0ms | Allocations: 3872)


Started GET "/sponsorships" for ::1 at 2021-09-22 18:23:56 +0200
Processing by SponsorshipsController#index as */*
  [1m[36mSponsorshipOrder Load (0.1ms)[0m  [1m[34mSELECT "sponsorship_orders".* FROM "sponsorship_orders"[0m
  â†³ app/controllers/sponsorships_controller.rb:4:in `index'
Completed 200 OK in 3ms (Views: 2.3ms | ActiveRecord: 0.1ms | Allocations: 919)


Started POST "/sponsorships" for ::1 at 2021-09-22 18:24:06 +0200
Processing by SponsorshipsController#create as */*
  Parameters: {"authenticiy_token"=>"[FILTERED]", "sponsorship_order"=>{"status"=>"paid", "paid_at"=>1632066571, "stripe_id"=>"pi_123"}, "sponsorship"=>{"authenticiy_token"=>"[FILTERED]", "sponsorship_order"=>{"status"=>"paid", "paid_at"=>1632066571, "stripe_id"=>"pi_123"}}}
  [1m[36mTRANSACTION (0.1ms)[0m  [1m[36mbegin transaction[0m
  â†³ app/controllers/sponsorships_controller.rb:15:in `create'
  [1m[36mSponsorshipOrder Create (2.2ms)[0m  [1m[32mINSERT INTO "sponsorship_orders" ("stripe_id", "status", "created_at", "updated_at") VALUES (?, ?, ?, ?)[0m  [["stripe_id", "pi_123"], ["status", "paid"], ["created_at", "2021-09-22 16:24:06.925388"], ["updated_at", "2021-09-22 16:24:06.925388"]]
  â†³ app/controllers/sponsorships_controller.rb:15:in `create'
  [1m[36mTRANSACTION (0.1ms)[0m  [1m[31mrollback transaction[0m
  â†³ app/controllers/sponsorships_controller.rb:15:in `create'
Completed 500 Internal Server Error in 12ms (ActiveRecord: 2.3ms | Allocations: 3490)


  
ActiveRecord::RecordNotUnique (SQLite3::ConstraintException: UNIQUE constraint failed: sponsorship_orders.stripe_id):
  
app/controllers/sponsorships_controller.rb:15:in `create'
Started GET "/" for ::1 at 2021-09-22 18:25:43 +0200
Processing by StaticPagesController#root as HTML
  Rendering layout layouts/application.html.erb
  Rendering static_pages/root.html.erb within layouts/application
  Rendered static_pages/root.html.erb within layouts/application (Duration: 1.2ms | Allocations: 391)
[Webpacker] Everything's up-to-date. Nothing to do
  Rendered layout layouts/application.html.erb (Duration: 15.0ms | Allocations: 4109)
Completed 200 OK in 18ms (Views: 16.9ms | ActiveRecord: 0.0ms | Allocations: 5160)


Started GET "/sponsorships" for ::1 at 2021-09-22 18:25:43 +0200
Processing by SponsorshipsController#index as */*
  [1m[36mSponsorshipOrder Load (0.2ms)[0m  [1m[34mSELECT "sponsorship_orders".* FROM "sponsorship_orders"[0m
  â†³ app/controllers/sponsorships_controller.rb:4:in `index'
Completed 200 OK in 3ms (Views: 2.8ms | ActiveRecord: 0.2ms | Allocations: 1000)


Started GET "/" for ::1 at 2021-09-22 18:27:36 +0200
Processing by StaticPagesController#root as HTML
  Rendering layout layouts/application.html.erb
  Rendering static_pages/root.html.erb within layouts/application
  Rendered static_pages/root.html.erb within layouts/application (Duration: 1.1ms | Allocations: 361)
[Webpacker] Everything's up-to-date. Nothing to do
  Rendered layout layouts/application.html.erb (Duration: 11.2ms | Allocations: 3951)
Completed 200 OK in 14ms (Views: 13.2ms | ActiveRecord: 0.0ms | Allocations: 4914)


Started GET "/sponsorships" for ::1 at 2021-09-22 18:27:36 +0200
Processing by SponsorshipsController#index as */*
  [1m[36mSponsorshipOrder Load (0.4ms)[0m  [1m[34mSELECT "sponsorship_orders".* FROM "sponsorship_orders"[0m
  â†³ app/controllers/sponsorships_controller.rb:4:in `index'
Completed 200 OK in 4ms (Views: 2.8ms | ActiveRecord: 0.4ms | Allocations: 893)


Started POST "/sponsorships" for ::1 at 2021-09-22 18:27:37 +0200
Processing by SponsorshipsController#create as */*
  Parameters: {"authenticiy_token"=>"[FILTERED]", "sponsorship_order"=>{"status"=>"paid", "paid_at"=>1632066571, "stripe_id"=>"pi_123Wed Sep 22 2021 18:27:37 GMT+0200 (Central European Summer Time)"}, "sponsorship"=>{"authenticiy_token"=>"[FILTERED]", "sponsorship_order"=>{"status"=>"paid", "paid_at"=>1632066571, "stripe_id"=>"pi_123Wed Sep 22 2021 18:27:37 GMT+0200 (Central European Summer Time)"}}}
  [1m[36mTRANSACTION (0.1ms)[0m  [1m[36mbegin transaction[0m
  â†³ app/controllers/sponsorships_controller.rb:15:in `create'
  [1m[36mSponsorshipOrder Create (1.4ms)[0m  [1m[32mINSERT INTO "sponsorship_orders" ("stripe_id", "status", "created_at", "updated_at") VALUES (?, ?, ?, ?)[0m  [["stripe_id", "pi_123Wed Sep 22 2021 18:27:37 GMT+0200 (Central European Summer Time)"], ["status", "paid"], ["created_at", "2021-09-22 16:27:37.992871"], ["updated_at", "2021-09-22 16:27:37.992871"]]
  â†³ app/controllers/sponsorships_controller.rb:15:in `create'
  [1m[36mTRANSACTION (1.1ms)[0m  [1m[36mcommit transaction[0m
  â†³ app/controllers/sponsorships_controller.rb:15:in `create'
Completed 200 OK in 7ms (Views: 0.2ms | ActiveRecord: 2.5ms | Allocations: 2515)


Started GET "/" for ::1 at 2021-09-22 18:27:39 +0200
Processing by StaticPagesController#root as HTML
  Rendering layout layouts/application.html.erb
  Rendering static_pages/root.html.erb within layouts/application
  Rendered static_pages/root.html.erb within layouts/application (Duration: 0.4ms | Allocations: 187)
[Webpacker] Everything's up-to-date. Nothing to do
  Rendered layout layouts/application.html.erb (Duration: 4.7ms | Allocations: 3609)
Completed 200 OK in 6ms (Views: 5.1ms | ActiveRecord: 0.0ms | Allocations: 3866)


Started GET "/sponsorships" for ::1 at 2021-09-22 18:27:40 +0200
Processing by SponsorshipsController#index as */*
  [1m[36mSponsorshipOrder Load (0.2ms)[0m  [1m[34mSELECT "sponsorship_orders".* FROM "sponsorship_orders"[0m
  â†³ app/controllers/sponsorships_controller.rb:4:in `index'
Completed 200 OK in 5ms (Views: 4.3ms | ActiveRecord: 0.2ms | Allocations: 1015)


Started GET "/sponsorships" for ::1 at 2021-09-22 18:27:48 +0200
Processing by SponsorshipsController#index as HTML
  [1m[36mSponsorshipOrder Load (0.1ms)[0m  [1m[34mSELECT "sponsorship_orders".* FROM "sponsorship_orders"[0m
  â†³ app/controllers/sponsorships_controller.rb:4:in `index'
Completed 200 OK in 2ms (Views: 2.0ms | ActiveRecord: 0.1ms | Allocations: 1006)


Started GET "/sponsorships" for ::1 at 2021-09-22 18:28:42 +0200
Processing by SponsorshipsController#index as HTML
  [1m[36mSponsorshipOrder Load (0.1ms)[0m  [1m[34mSELECT "sponsorship_orders".* FROM "sponsorship_orders"[0m
  â†³ app/controllers/sponsorships_controller.rb:4:in `index'
Completed 200 OK in 2ms (Views: 2.0ms | ActiveRecord: 0.1ms | Allocations: 1008)


Started GET "/" for ::1 at 2021-09-22 18:28:45 +0200
Processing by StaticPagesController#root as HTML
  Rendering layout layouts/application.html.erb
  Rendering static_pages/root.html.erb within layouts/application
  Rendered static_pages/root.html.erb within layouts/application (Duration: 0.6ms | Allocations: 361)
[Webpacker] Everything's up-to-date. Nothing to do
  Rendered layout layouts/application.html.erb (Duration: 12.1ms | Allocations: 3952)
Completed 200 OK in 14ms (Views: 13.5ms | ActiveRecord: 0.0ms | Allocations: 4915)


Started GET "/sponsorships" for ::1 at 2021-09-22 18:28:45 +0200
Processing by SponsorshipsController#index as */*
  [1m[36mSponsorshipOrder Load (0.2ms)[0m  [1m[34mSELECT "sponsorship_orders".* FROM "sponsorship_orders"[0m
  â†³ app/controllers/sponsorships_controller.rb:4:in `index'
Completed 200 OK in 3ms (Views: 2.4ms | ActiveRecord: 0.2ms | Allocations: 1011)


Started POST "/sponsorships" for ::1 at 2021-09-22 18:28:47 +0200
Processing by SponsorshipsController#create as */*
  Parameters: {"authenticiy_token"=>"[FILTERED]", "sponsorship_order"=>{"status"=>"paid", "paid_at"=>1632066571, "stripe_id"=>"pi_123_0.05323864527016342"}, "sponsorship"=>{"authenticiy_token"=>"[FILTERED]", "sponsorship_order"=>{"status"=>"paid", "paid_at"=>1632066571, "stripe_id"=>"pi_123_0.05323864527016342"}}}
  [1m[36mTRANSACTION (0.0ms)[0m  [1m[36mbegin transaction[0m
  â†³ app/controllers/sponsorships_controller.rb:15:in `create'
  [1m[36mSponsorshipOrder Create (0.4ms)[0m  [1m[32mINSERT INTO "sponsorship_orders" ("stripe_id", "status", "created_at", "updated_at") VALUES (?, ?, ?, ?)[0m  [["stripe_id", "pi_123_0.05323864527016342"], ["status", "paid"], ["created_at", "2021-09-22 16:28:47.136576"], ["updated_at", "2021-09-22 16:28:47.136576"]]
  â†³ app/controllers/sponsorships_controller.rb:15:in `create'
  [1m[36mTRANSACTION (1.6ms)[0m  [1m[36mcommit transaction[0m
  â†³ app/controllers/sponsorships_controller.rb:15:in `create'
Completed 200 OK in 8ms (Views: 0.3ms | ActiveRecord: 2.0ms | Allocations: 2376)


Started GET "/" for ::1 at 2021-09-22 18:28:47 +0200
Processing by StaticPagesController#root as HTML
  Rendering layout layouts/application.html.erb
  Rendering static_pages/root.html.erb within layouts/application
  Rendered static_pages/root.html.erb within layouts/application (Duration: 0.4ms | Allocations: 187)
[Webpacker] Everything's up-to-date. Nothing to do
  Rendered layout layouts/application.html.erb (Duration: 8.8ms | Allocations: 3611)
Completed 200 OK in 10ms (Views: 9.2ms | ActiveRecord: 0.0ms | Allocations: 3869)


Started GET "/sponsorships" for ::1 at 2021-09-22 18:28:48 +0200
Processing by SponsorshipsController#index as */*
  [1m[36mSponsorshipOrder Load (0.2ms)[0m  [1m[34mSELECT "sponsorship_orders".* FROM "sponsorship_orders"[0m
  â†³ app/controllers/sponsorships_controller.rb:4:in `index'
Completed 200 OK in 2ms (Views: 1.9ms | ActiveRecord: 0.2ms | Allocations: 1129)


Started POST "/sponsorships" for ::1 at 2021-09-22 18:28:49 +0200
Processing by SponsorshipsController#create as */*
  Parameters: {"authenticiy_token"=>"[FILTERED]", "sponsorship_order"=>{"status"=>"paid", "paid_at"=>1632066571, "stripe_id"=>"pi_123_0.2285514241521418"}, "sponsorship"=>{"authenticiy_token"=>"[FILTERED]", "sponsorship_order"=>{"status"=>"paid", "paid_at"=>1632066571, "stripe_id"=>"pi_123_0.2285514241521418"}}}
  [1m[36mTRANSACTION (0.1ms)[0m  [1m[36mbegin transaction[0m
  â†³ app/controllers/sponsorships_controller.rb:15:in `create'
  [1m[36mSponsorshipOrder Create (2.8ms)[0m  [1m[32mINSERT INTO "sponsorship_orders" ("stripe_id", "status", "created_at", "updated_at") VALUES (?, ?, ?, ?)[0m  [["stripe_id", "pi_123_0.2285514241521418"], ["status", "paid"], ["created_at", "2021-09-22 16:28:49.582293"], ["updated_at", "2021-09-22 16:28:49.582293"]]
  â†³ app/controllers/sponsorships_controller.rb:15:in `create'
  [1m[36mTRANSACTION (6.6ms)[0m  [1m[36mcommit transaction[0m
  â†³ app/controllers/sponsorships_controller.rb:15:in `create'
Completed 200 OK in 36ms (Views: 0.2ms | ActiveRecord: 9.5ms | Allocations: 2375)


Started GET "/" for ::1 at 2021-09-22 18:28:50 +0200
Processing by StaticPagesController#root as HTML
  Rendering layout layouts/application.html.erb
  Rendering static_pages/root.html.erb within layouts/application
  Rendered static_pages/root.html.erb within layouts/application (Duration: 0.3ms | Allocations: 187)
[Webpacker] Everything's up-to-date. Nothing to do
  Rendered layout layouts/application.html.erb (Duration: 4.4ms | Allocations: 3609)
Completed 200 OK in 5ms (Views: 4.8ms | ActiveRecord: 0.0ms | Allocations: 3866)


Started GET "/sponsorships" for ::1 at 2021-09-22 18:28:50 +0200
Processing by SponsorshipsController#index as */*
  [1m[36mSponsorshipOrder Load (0.2ms)[0m  [1m[34mSELECT "sponsorship_orders".* FROM "sponsorship_orders"[0m
  â†³ app/controllers/sponsorships_controller.rb:4:in `index'
Completed 200 OK in 4ms (Views: 3.3ms | ActiveRecord: 0.2ms | Allocations: 1248)


Started GET "/sponsorships" for ::1 at 2021-09-22 18:28:55 +0200
Processing by SponsorshipsController#index as HTML
  [1m[36mSponsorshipOrder Load (0.2ms)[0m  [1m[34mSELECT "sponsorship_orders".* FROM "sponsorship_orders"[0m
  â†³ app/controllers/sponsorships_controller.rb:4:in `index'
Completed 200 OK in 3ms (Views: 2.4ms | ActiveRecord: 0.2ms | Allocations: 1243)


Started POST "/webhooks" for ::1 at 2021-09-22 19:28:03 +0200
  [1m[35m (2.1ms)[0m  [1m[34mSELECT sqlite_version(*)[0m
  [1m[35m (0.2ms)[0m  [1m[34mSELECT "schema_migrations"."version" FROM "schema_migrations" ORDER BY "schema_migrations"."version" ASC[0m
Processing by WebhooksController#create as XML
  Parameters: {"id"=>"evt_3JcZEjK7AGKu1sXp1xKNLOnU", "object"=>"event", "api_version"=>"2020-08-27", "created"=>1632331681, "data"=>{"object"=>{"id"=>"pi_3JcZEjK7AGKu1sXp1UkclVmk", "object"=>"payment_intent", "amount"=>3000, "amount_capturable"=>0, "amount_received"=>0, "application"=>nil, "application_fee_amount"=>nil, "canceled_at"=>nil, "cancellation_reason"=>nil, "capture_method"=>"automatic", "charges"=>{"object"=>"list", "data"=>[], "has_more"=>false, "total_count"=>0, "url"=>"/v1/charges?payment_intent=pi_3JcZEjK7AGKu1sXp1UkclVmk"}, "client_secret"=>"[FILTERED]", "confirmation_method"=>"automatic", "created"=>1632331681, "currency"=>"usd", "customer"=>nil, "description"=>nil, "invoice"=>nil, "last_payment_error"=>nil, "livemode"=>false, "metadata"=>{}, "next_action"=>nil, "on_behalf_of"=>nil, "payment_method"=>nil, "payment_method_options"=>{"card"=>{"installments"=>nil, "network"=>nil, "request_three_d_secure"=>"automatic"}}, "payment_method_types"=>["card"], "receipt_email"=>nil, "review"=>nil, "setup_future_usage"=>nil, "shipping"=>{"address"=>{"city"=>"San Francisco", "country"=>"US", "line1"=>"510 Townsend St", "line2"=>nil, "postal_code"=>"94103", "state"=>"CA"}, "carrier"=>nil, "name"=>"Jenny Rosen", "phone"=>nil, "tracking_number"=>nil}, "source"=>nil, "statement_descriptor"=>nil, "statement_descriptor_suffix"=>nil, "status"=>"requires_payment_method", "transfer_data"=>nil, "transfer_group"=>nil}}, "livemode"=>false, "pending_webhooks"=>2, "request"=>{"id"=>"req_ZJKR3Oypdf3UCa", "idempotency_key"=>"[FILTERED]"}, "type"=>"payment_intent.created", "webhook"=>{"id"=>"evt_3JcZEjK7AGKu1sXp1xKNLOnU", "object"=>"event", "api_version"=>"2020-08-27", "created"=>1632331681, "data"=>{"object"=>{"id"=>"pi_3JcZEjK7AGKu1sXp1UkclVmk", "object"=>"payment_intent", "amount"=>3000, "amount_capturable"=>0, "amount_received"=>0, "application"=>nil, "application_fee_amount"=>nil, "canceled_at"=>nil, "cancellation_reason"=>nil, "capture_method"=>"automatic", "charges"=>{"object"=>"list", "data"=>[], "has_more"=>false, "total_count"=>0, "url"=>"/v1/charges?payment_intent=pi_3JcZEjK7AGKu1sXp1UkclVmk"}, "client_secret"=>"[FILTERED]", "confirmation_method"=>"automatic", "created"=>1632331681, "currency"=>"usd", "customer"=>nil, "description"=>nil, "invoice"=>nil, "last_payment_error"=>nil, "livemode"=>false, "metadata"=>{}, "next_action"=>nil, "on_behalf_of"=>nil, "payment_method"=>nil, "payment_method_options"=>{"card"=>{"installments"=>nil, "network"=>nil, "request_three_d_secure"=>"automatic"}}, "payment_method_types"=>["card"], "receipt_email"=>nil, "review"=>nil, "setup_future_usage"=>nil, "shipping"=>{"address"=>{"city"=>"San Francisco", "country"=>"US", "line1"=>"510 Townsend St", "line2"=>nil, "postal_code"=>"94103", "state"=>"CA"}, "carrier"=>nil, "name"=>"Jenny Rosen", "phone"=>nil, "tracking_number"=>nil}, "source"=>nil, "statement_descriptor"=>nil, "statement_descriptor_suffix"=>nil, "status"=>"requires_payment_method", "transfer_data"=>nil, "transfer_group"=>nil}}, "livemode"=>false, "pending_webhooks"=>2, "request"=>{"id"=>"req_ZJKR3Oypdf3UCa", "idempotency_key"=>"[FILTERED]"}, "type"=>"payment_intent.created"}}
Completed 200 OK in 15ms (Views: 0.3ms | ActiveRecord: 0.0ms | Allocations: 2977)


Started POST "/webhooks" for ::1 at 2021-09-22 19:28:07 +0200
Processing by WebhooksController#create as XML
  Parameters: {"id"=>"evt_1JcZEpK7AGKu1sXp9QXPE36U", "object"=>"event", "api_version"=>"2020-08-27", "created"=>1632331684, "data"=>{"object"=>{"id"=>"cus_KH7TNeql2aLgPx", "object"=>"customer", "address"=>nil, "balance"=>0, "created"=>1632331684, "currency"=>nil, "default_source"=>nil, "delinquent"=>false, "description"=>nil, "discount"=>nil, "email"=>"stripe@example.com", "invoice_prefix"=>"4448A463", "invoice_settings"=>{"custom_fields"=>nil, "default_payment_method"=>nil, "footer"=>nil}, "livemode"=>false, "metadata"=>{}, "name"=>nil, "phone"=>nil, "preferred_locales"=>[], "shipping"=>nil, "tax_exempt"=>"none"}}, "livemode"=>false, "pending_webhooks"=>2, "request"=>{"id"=>"req_ucdF0o2emQhbaD", "idempotency_key"=>"[FILTERED]"}, "type"=>"customer.created", "webhook"=>{"id"=>"evt_1JcZEpK7AGKu1sXp9QXPE36U", "object"=>"event", "api_version"=>"2020-08-27", "created"=>1632331684, "data"=>{"object"=>{"id"=>"cus_KH7TNeql2aLgPx", "object"=>"customer", "address"=>nil, "balance"=>0, "created"=>1632331684, "currency"=>nil, "default_source"=>nil, "delinquent"=>false, "description"=>nil, "discount"=>nil, "email"=>"stripe@example.com", "invoice_prefix"=>"4448A463", "invoice_settings"=>{"custom_fields"=>nil, "default_payment_method"=>nil, "footer"=>nil}, "livemode"=>false, "metadata"=>{}, "name"=>nil, "phone"=>nil, "preferred_locales"=>[], "shipping"=>nil, "tax_exempt"=>"none"}}, "livemode"=>false, "pending_webhooks"=>2, "request"=>{"id"=>"req_ucdF0o2emQhbaD", "idempotency_key"=>"[FILTERED]"}, "type"=>"customer.created"}}
Completed 200 OK in 5ms (Views: 0.2ms | ActiveRecord: 0.0ms | Allocations: 1118)


Started POST "/webhooks" for ::1 at 2021-09-22 19:28:07 +0200
Processing by WebhooksController#create as XML
  Parameters: {"id"=>"evt_3JcZEjK7AGKu1sXp1Ejy64T6", "object"=>"event", "api_version"=>"2020-08-27", "created"=>1632331686, "data"=>{"object"=>{"id"=>"pi_3JcZEjK7AGKu1sXp1UkclVmk", "object"=>"payment_intent", "amount"=>3000, "amount_capturable"=>0, "amount_received"=>3000, "application"=>nil, "application_fee_amount"=>nil, "canceled_at"=>nil, "cancellation_reason"=>nil, "capture_method"=>"automatic", "charges"=>{"object"=>"list", "data"=>[{"id"=>"ch_3JcZEjK7AGKu1sXp11zsh21a", "object"=>"charge", "amount"=>3000, "amount_captured"=>3000, "amount_refunded"=>0, "amount_updates"=>[], "application"=>nil, "application_fee"=>nil, "application_fee_amount"=>nil, "balance_transaction"=>"txn_3JcZEjK7AGKu1sXp1sYhLWTS", "billing_details"=>{"address"=>{"city"=>nil, "country"=>nil, "line1"=>nil, "line2"=>nil, "postal_code"=>nil, "state"=>nil}, "email"=>"stripe@example.com", "name"=>nil, "phone"=>nil}, "calculated_statement_descriptor"=>"YARD.LIVE", "captured"=>true, "created"=>1632331685, "currency"=>"usd", "customer"=>"cus_KH7TNeql2aLgPx", "description"=>nil, "destination"=>nil, "dispute"=>nil, "disputed"=>false, "failure_code"=>nil, "failure_message"=>nil, "fraud_details"=>{}, "invoice"=>nil, "livemode"=>false, "metadata"=>{}, "on_behalf_of"=>nil, "order"=>nil, "outcome"=>{"network_status"=>"approved_by_network", "reason"=>nil, "risk_level"=>"normal", "risk_score"=>3, "seller_message"=>"Payment complete.", "type"=>"authorized"}, "paid"=>true, "payment_intent"=>"pi_3JcZEjK7AGKu1sXp1UkclVmk", "payment_method"=>"pm_1JcZElK7AGKu1sXpszK5j8pb", "payment_method_details"=>{"card"=>{"brand"=>"visa", "checks"=>{"address_line1_check"=>nil, "address_postal_code_check"=>nil, "cvc_check"=>nil}, "country"=>"US", "exp_month"=>9, "exp_year"=>2022, "fingerprint"=>"Ljea7bKAQCDQny0P", "funding"=>"credit", "installments"=>nil, "last4"=>"4242", "network"=>"visa", "three_d_secure"=>nil, "wallet"=>nil}, "type"=>"card"}, "receipt_email"=>nil, "receipt_number"=>nil, "receipt_url"=>"https://pay.stripe.com/receipts/acct_1JEt3yK7AGKu1sXp/ch_3JcZEjK7AGKu1sXp11zsh21a/rcpt_KH7TR6qowLFksT810lqRN8XuCsqnTWP", "refunded"=>false, "refunds"=>{"object"=>"list", "data"=>[], "has_more"=>false, "total_count"=>0, "url"=>"/v1/charges/ch_3JcZEjK7AGKu1sXp11zsh21a/refunds"}, "review"=>nil, "shipping"=>{"address"=>{"city"=>"San Francisco", "country"=>"US", "line1"=>"510 Townsend St", "line2"=>nil, "postal_code"=>"94103", "state"=>"CA"}, "carrier"=>nil, "name"=>"Jenny Rosen", "phone"=>nil, "tracking_number"=>nil}, "source"=>nil, "source_transfer"=>nil, "statement_descriptor"=>nil, "statement_descriptor_suffix"=>nil, "status"=>"succeeded", "transfer_data"=>nil, "transfer_group"=>nil}], "has_more"=>false, "total_count"=>1, "url"=>"/v1/charges?payment_intent=pi_3JcZEjK7AGKu1sXp1UkclVmk"}, "client_secret"=>"[FILTERED]", "confirmation_method"=>"automatic", "created"=>1632331681, "currency"=>"usd", "customer"=>"cus_KH7TNeql2aLgPx", "description"=>nil, "invoice"=>nil, "last_payment_error"=>nil, "livemode"=>false, "metadata"=>{}, "next_action"=>nil, "on_behalf_of"=>nil, "payment_method"=>"pm_1JcZElK7AGKu1sXpszK5j8pb", "payment_method_options"=>{"card"=>{"installments"=>nil, "network"=>nil, "request_three_d_secure"=>"automatic"}}, "payment_method_types"=>["card"], "receipt_email"=>nil, "review"=>nil, "setup_future_usage"=>nil, "shipping"=>{"address"=>{"city"=>"San Francisco", "country"=>"US", "line1"=>"510 Townsend St", "line2"=>nil, "postal_code"=>"94103", "state"=>"CA"}, "carrier"=>nil, "name"=>"Jenny Rosen", "phone"=>nil, "tracking_number"=>nil}, "source"=>nil, "statement_descriptor"=>nil, "statement_descriptor_suffix"=>nil, "status"=>"succeeded", "transfer_data"=>nil, "transfer_group"=>nil}}, "livemode"=>false, "pending_webhooks"=>2, "request"=>{"id"=>"req_ucdF0o2emQhbaD", "idempotency_key"=>"[FILTERED]"}, "type"=>"payment_intent.succeeded", "webhook"=>{"id"=>"evt_3JcZEjK7AGKu1sXp1Ejy64T6", "object"=>"event", "api_version"=>"2020-08-27", "created"=>1632331686, "data"=>{"object"=>{"id"=>"pi_3JcZEjK7AGKu1sXp1UkclVmk", "object"=>"payment_intent", "amount"=>3000, "amount_capturable"=>0, "amount_received"=>3000, "application"=>nil, "application_fee_amount"=>nil, "canceled_at"=>nil, "cancellation_reason"=>nil, "capture_method"=>"automatic", "charges"=>{"object"=>"list", "data"=>[{"id"=>"ch_3JcZEjK7AGKu1sXp11zsh21a", "object"=>"charge", "amount"=>3000, "amount_captured"=>3000, "amount_refunded"=>0, "amount_updates"=>[], "application"=>nil, "application_fee"=>nil, "application_fee_amount"=>nil, "balance_transaction"=>"txn_3JcZEjK7AGKu1sXp1sYhLWTS", "billing_details"=>{"address"=>{"city"=>nil, "country"=>nil, "line1"=>nil, "line2"=>nil, "postal_code"=>nil, "state"=>nil}, "email"=>"stripe@example.com", "name"=>nil, "phone"=>nil}, "calculated_statement_descriptor"=>"YARD.LIVE", "captured"=>true, "created"=>1632331685, "currency"=>"usd", "customer"=>"cus_KH7TNeql2aLgPx", "description"=>nil, "destination"=>nil, "dispute"=>nil, "disputed"=>false, "failure_code"=>nil, "failure_message"=>nil, "fraud_details"=>{}, "invoice"=>nil, "livemode"=>false, "metadata"=>{}, "on_behalf_of"=>nil, "order"=>nil, "outcome"=>{"network_status"=>"approved_by_network", "reason"=>nil, "risk_level"=>"normal", "risk_score"=>3, "seller_message"=>"Payment complete.", "type"=>"authorized"}, "paid"=>true, "payment_intent"=>"pi_3JcZEjK7AGKu1sXp1UkclVmk", "payment_method"=>"pm_1JcZElK7AGKu1sXpszK5j8pb", "payment_method_details"=>{"card"=>{"brand"=>"visa", "checks"=>{"address_line1_check"=>nil, "address_postal_code_check"=>nil, "cvc_check"=>nil}, "country"=>"US", "exp_month"=>9, "exp_year"=>2022, "fingerprint"=>"Ljea7bKAQCDQny0P", "funding"=>"credit", "installments"=>nil, "last4"=>"4242", "network"=>"visa", "three_d_secure"=>nil, "wallet"=>nil}, "type"=>"card"}, "receipt_email"=>nil, "receipt_number"=>nil, "receipt_url"=>"https://pay.stripe.com/receipts/acct_1JEt3yK7AGKu1sXp/ch_3JcZEjK7AGKu1sXp11zsh21a/rcpt_KH7TR6qowLFksT810lqRN8XuCsqnTWP", "refunded"=>false, "refunds"=>{"object"=>"list", "data"=>[], "has_more"=>false, "total_count"=>0, "url"=>"/v1/charges/ch_3JcZEjK7AGKu1sXp11zsh21a/refunds"}, "review"=>nil, "shipping"=>{"address"=>{"city"=>"San Francisco", "country"=>"US", "line1"=>"510 Townsend St", "line2"=>nil, "postal_code"=>"94103", "state"=>"CA"}, "carrier"=>nil, "name"=>"Jenny Rosen", "phone"=>nil, "tracking_number"=>nil}, "source"=>nil, "source_transfer"=>nil, "statement_descriptor"=>nil, "statement_descriptor_suffix"=>nil, "status"=>"succeeded", "transfer_data"=>nil, "transfer_group"=>nil}], "has_more"=>false, "total_count"=>1, "url"=>"/v1/charges?payment_intent=pi_3JcZEjK7AGKu1sXp1UkclVmk"}, "client_secret"=>"[FILTERED]", "confirmation_method"=>"automatic", "created"=>1632331681, "currency"=>"usd", "customer"=>"cus_KH7TNeql2aLgPx", "description"=>nil, "invoice"=>nil, "last_payment_error"=>nil, "livemode"=>false, "metadata"=>{}, "next_action"=>nil, "on_behalf_of"=>nil, "payment_method"=>"pm_1JcZElK7AGKu1sXpszK5j8pb", "payment_method_options"=>{"card"=>{"installments"=>nil, "network"=>nil, "request_three_d_secure"=>"automatic"}}, "payment_method_types"=>["card"], "receipt_email"=>nil, "review"=>nil, "setup_future_usage"=>nil, "shipping"=>{"address"=>{"city"=>"San Francisco", "country"=>"US", "line1"=>"510 Townsend St", "line2"=>nil, "postal_code"=>"94103", "state"=>"CA"}, "carrier"=>nil, "name"=>"Jenny Rosen", "phone"=>nil, "tracking_number"=>nil}, "source"=>nil, "statement_descriptor"=>nil, "statement_descriptor_suffix"=>nil, "status"=>"succeeded", "transfer_data"=>nil, "transfer_group"=>nil}}, "livemode"=>false, "pending_webhooks"=>2, "request"=>{"id"=>"req_ucdF0o2emQhbaD", "idempotency_key"=>"[FILTERED]"}, "type"=>"payment_intent.succeeded"}}
Completed 200 OK in 24ms (Views: 0.2ms | ActiveRecord: 0.0ms | Allocations: 4798)


Started POST "/webhooks" for ::1 at 2021-09-22 19:28:09 +0200
Processing by WebhooksController#create as XML
  Parameters: {"id"=>"evt_3JcZEjK7AGKu1sXp1SeXdDw8", "object"=>"event", "api_version"=>"2020-08-27", "created"=>1632331686, "data"=>{"object"=>{"id"=>"ch_3JcZEjK7AGKu1sXp11zsh21a", "object"=>"charge", "amount"=>3000, "amount_captured"=>3000, "amount_refunded"=>0, "amount_updates"=>[], "application"=>nil, "application_fee"=>nil, "application_fee_amount"=>nil, "balance_transaction"=>"txn_3JcZEjK7AGKu1sXp1sYhLWTS", "billing_details"=>{"address"=>{"city"=>nil, "country"=>nil, "line1"=>nil, "line2"=>nil, "postal_code"=>nil, "state"=>nil}, "email"=>"stripe@example.com", "name"=>nil, "phone"=>nil}, "calculated_statement_descriptor"=>"YARD.LIVE", "captured"=>true, "created"=>1632331685, "currency"=>"usd", "customer"=>"cus_KH7TNeql2aLgPx", "description"=>nil, "destination"=>nil, "dispute"=>nil, "disputed"=>false, "failure_code"=>nil, "failure_message"=>nil, "fraud_details"=>{}, "invoice"=>nil, "livemode"=>false, "metadata"=>{}, "on_behalf_of"=>nil, "order"=>nil, "outcome"=>{"network_status"=>"approved_by_network", "reason"=>nil, "risk_level"=>"normal", "risk_score"=>3, "seller_message"=>"Payment complete.", "type"=>"authorized"}, "paid"=>true, "payment_intent"=>"pi_3JcZEjK7AGKu1sXp1UkclVmk", "payment_method"=>"pm_1JcZElK7AGKu1sXpszK5j8pb", "payment_method_details"=>{"card"=>{"brand"=>"visa", "checks"=>{"address_line1_check"=>nil, "address_postal_code_check"=>nil, "cvc_check"=>nil}, "country"=>"US", "exp_month"=>9, "exp_year"=>2022, "fingerprint"=>"Ljea7bKAQCDQny0P", "funding"=>"credit", "installments"=>nil, "last4"=>"4242", "network"=>"visa", "three_d_secure"=>nil, "wallet"=>nil}, "type"=>"card"}, "receipt_email"=>nil, "receipt_number"=>nil, "receipt_url"=>"https://pay.stripe.com/receipts/acct_1JEt3yK7AGKu1sXp/ch_3JcZEjK7AGKu1sXp11zsh21a/rcpt_KH7TR6qowLFksT810lqRN8XuCsqnTWP", "refunded"=>false, "refunds"=>{"object"=>"list", "data"=>[], "has_more"=>false, "total_count"=>0, "url"=>"/v1/charges/ch_3JcZEjK7AGKu1sXp11zsh21a/refunds"}, "review"=>nil, "shipping"=>{"address"=>{"city"=>"San Francisco", "country"=>"US", "line1"=>"510 Townsend St", "line2"=>nil, "postal_code"=>"94103", "state"=>"CA"}, "carrier"=>nil, "name"=>"Jenny Rosen", "phone"=>nil, "tracking_number"=>nil}, "source"=>nil, "source_transfer"=>nil, "statement_descriptor"=>nil, "statement_descriptor_suffix"=>nil, "status"=>"succeeded", "transfer_data"=>nil, "transfer_group"=>nil}}, "livemode"=>false, "pending_webhooks"=>2, "request"=>{"id"=>"req_ucdF0o2emQhbaD", "idempotency_key"=>"[FILTERED]"}, "type"=>"charge.succeeded", "webhook"=>{"id"=>"evt_3JcZEjK7AGKu1sXp1SeXdDw8", "object"=>"event", "api_version"=>"2020-08-27", "created"=>1632331686, "data"=>{"object"=>{"id"=>"ch_3JcZEjK7AGKu1sXp11zsh21a", "object"=>"charge", "amount"=>3000, "amount_captured"=>3000, "amount_refunded"=>0, "amount_updates"=>[], "application"=>nil, "application_fee"=>nil, "application_fee_amount"=>nil, "balance_transaction"=>"txn_3JcZEjK7AGKu1sXp1sYhLWTS", "billing_details"=>{"address"=>{"city"=>nil, "country"=>nil, "line1"=>nil, "line2"=>nil, "postal_code"=>nil, "state"=>nil}, "email"=>"stripe@example.com", "name"=>nil, "phone"=>nil}, "calculated_statement_descriptor"=>"YARD.LIVE", "captured"=>true, "created"=>1632331685, "currency"=>"usd", "customer"=>"cus_KH7TNeql2aLgPx", "description"=>nil, "destination"=>nil, "dispute"=>nil, "disputed"=>false, "failure_code"=>nil, "failure_message"=>nil, "fraud_details"=>{}, "invoice"=>nil, "livemode"=>false, "metadata"=>{}, "on_behalf_of"=>nil, "order"=>nil, "outcome"=>{"network_status"=>"approved_by_network", "reason"=>nil, "risk_level"=>"normal", "risk_score"=>3, "seller_message"=>"Payment complete.", "type"=>"authorized"}, "paid"=>true, "payment_intent"=>"pi_3JcZEjK7AGKu1sXp1UkclVmk", "payment_method"=>"pm_1JcZElK7AGKu1sXpszK5j8pb", "payment_method_details"=>{"card"=>{"brand"=>"visa", "checks"=>{"address_line1_check"=>nil, "address_postal_code_check"=>nil, "cvc_check"=>nil}, "country"=>"US", "exp_month"=>9, "exp_year"=>2022, "fingerprint"=>"Ljea7bKAQCDQny0P", "funding"=>"credit", "installments"=>nil, "last4"=>"4242", "network"=>"visa", "three_d_secure"=>nil, "wallet"=>nil}, "type"=>"card"}, "receipt_email"=>nil, "receipt_number"=>nil, "receipt_url"=>"https://pay.stripe.com/receipts/acct_1JEt3yK7AGKu1sXp/ch_3JcZEjK7AGKu1sXp11zsh21a/rcpt_KH7TR6qowLFksT810lqRN8XuCsqnTWP", "refunded"=>false, "refunds"=>{"object"=>"list", "data"=>[], "has_more"=>false, "total_count"=>0, "url"=>"/v1/charges/ch_3JcZEjK7AGKu1sXp11zsh21a/refunds"}, "review"=>nil, "shipping"=>{"address"=>{"city"=>"San Francisco", "country"=>"US", "line1"=>"510 Townsend St", "line2"=>nil, "postal_code"=>"94103", "state"=>"CA"}, "carrier"=>nil, "name"=>"Jenny Rosen", "phone"=>nil, "tracking_number"=>nil}, "source"=>nil, "source_transfer"=>nil, "statement_descriptor"=>nil, "statement_descriptor_suffix"=>nil, "status"=>"succeeded", "transfer_data"=>nil, "transfer_group"=>nil}}, "livemode"=>false, "pending_webhooks"=>2, "request"=>{"id"=>"req_ucdF0o2emQhbaD", "idempotency_key"=>"[FILTERED]"}, "type"=>"charge.succeeded"}}
Completed 200 OK in 3ms (Views: 0.2ms | ActiveRecord: 0.0ms | Allocations: 2882)


Started POST "/webhooks" for ::1 at 2021-09-22 19:28:11 +0200
Processing by WebhooksController#create as XML
  Parameters: {"id"=>"evt_1JcZEpK7AGKu1sXpA20cx9Di", "object"=>"event", "api_version"=>"2020-08-27", "created"=>1632331687, "data"=>{"object"=>{"id"=>"cs_test_a1240AdNBF4218Hkx2AK5yRI0czBohboqlfI8CQli1Zw0OkoRdpvY1CiM4", "object"=>"checkout.session", "after_expiration"=>nil, "allow_promotion_codes"=>nil, "amount_subtotal"=>3000, "amount_total"=>3000, "automatic_tax"=>{"enabled"=>false, "status"=>nil}, "billing_address_collection"=>nil, "cancel_url"=>"https://httpbin.org/post", "client_reference_id"=>nil, "consent"=>nil, "consent_collection"=>nil, "currency"=>"usd", "customer"=>"cus_KH7TNeql2aLgPx", "customer_details"=>{"email"=>"stripe@example.com", "tax_exempt"=>"none", "tax_ids"=>[]}, "customer_email"=>nil, "expires_at"=>1632418081, "livemode"=>false, "locale"=>nil, "metadata"=>{}, "mode"=>"payment", "payment_intent"=>"pi_3JcZEjK7AGKu1sXp1UkclVmk", "payment_method_options"=>{}, "payment_method_types"=>["card"], "payment_status"=>"paid", "recovered_from"=>nil, "setup_intent"=>nil, "shipping"=>nil, "shipping_address_collection"=>nil, "submit_type"=>nil, "subscription"=>nil, "success_url"=>"https://httpbin.org/post", "total_details"=>{"amount_discount"=>0, "amount_shipping"=>0, "amount_tax"=>0}, "url"=>nil}}, "livemode"=>false, "pending_webhooks"=>2, "request"=>{"id"=>nil, "idempotency_key"=>"[FILTERED]"}, "type"=>"checkout.session.completed", "webhook"=>{"id"=>"evt_1JcZEpK7AGKu1sXpA20cx9Di", "object"=>"event", "api_version"=>"2020-08-27", "created"=>1632331687, "data"=>{"object"=>{"id"=>"cs_test_a1240AdNBF4218Hkx2AK5yRI0czBohboqlfI8CQli1Zw0OkoRdpvY1CiM4", "object"=>"checkout.session", "after_expiration"=>nil, "allow_promotion_codes"=>nil, "amount_subtotal"=>3000, "amount_total"=>3000, "automatic_tax"=>{"enabled"=>false, "status"=>nil}, "billing_address_collection"=>nil, "cancel_url"=>"https://httpbin.org/post", "client_reference_id"=>nil, "consent"=>nil, "consent_collection"=>nil, "currency"=>"usd", "customer"=>"cus_KH7TNeql2aLgPx", "customer_details"=>{"email"=>"stripe@example.com", "tax_exempt"=>"none", "tax_ids"=>[]}, "customer_email"=>nil, "expires_at"=>1632418081, "livemode"=>false, "locale"=>nil, "metadata"=>{}, "mode"=>"payment", "payment_intent"=>"pi_3JcZEjK7AGKu1sXp1UkclVmk", "payment_method_options"=>{}, "payment_method_types"=>["card"], "payment_status"=>"paid", "recovered_from"=>nil, "setup_intent"=>nil, "shipping"=>nil, "shipping_address_collection"=>nil, "submit_type"=>nil, "subscription"=>nil, "success_url"=>"https://httpbin.org/post", "total_details"=>{"amount_discount"=>0, "amount_shipping"=>0, "amount_tax"=>0}, "url"=>nil}}, "livemode"=>false, "pending_webhooks"=>2, "request"=>{"id"=>nil, "idempotency_key"=>"[FILTERED]"}, "type"=>"checkout.session.completed"}}
Completed 200 OK in 2ms (Views: 0.2ms | ActiveRecord: 0.0ms | Allocations: 1707)


